[debug] [2018-05-12T11:46:00.526Z] ----------------------------------------------------------------------
[debug] [2018-05-12T11:46:00.531Z] Command:       /usr/local/bin/node /mondial-pronos/firebase/node_modules/.bin/firebase serve --host 0.0.0.0 --only functions --debug
[debug] [2018-05-12T11:46:00.532Z] CLI Version:   3.18.4
[debug] [2018-05-12T11:46:00.532Z] Platform:      linux
[debug] [2018-05-12T11:46:00.532Z] Node Version:  v6.11.5
[debug] [2018-05-12T11:46:00.532Z] Time:          Sat May 12 2018 11:46:00 GMT+0000 (UTC)
[debug] [2018-05-12T11:46:00.532Z] ----------------------------------------------------------------------
[debug] 
[debug] [2018-05-12T11:46:00.586Z] > command requires scopes: ["email","openid","https://www.googleapis.com/auth/cloudplatformprojects.readonly","https://www.googleapis.com/auth/firebase","https://www.googleapis.com/auth/cloud-platform"]
[debug] [2018-05-12T11:46:00.587Z] > authorizing via signed-in user
[debug] [2018-05-12T11:46:00.589Z] > refreshing access token with scopes: ["email","https://www.googleapis.com/auth/cloud-platform","https://www.googleapis.com/auth/cloudplatformprojects.readonly","https://www.googleapis.com/auth/firebase","openid"]
[debug] [2018-05-12T11:46:00.589Z] >>> HTTP REQUEST POST https://www.googleapis.com/oauth2/v3/token  
 { refresh_token: '1/7rxY39YeKhsi8hCGUwg5ZXuL1-pZLdzQNijRpeV8xPo',
  client_id: '563584335869-fgrhgmd47bqnekij5i8b5pr03ho849e6.apps.googleusercontent.com',
  client_secret: 'j9iVZfS8kkCEFUPaAeJV0sAi',
  grant_type: 'refresh_token',
  scope: 'email https://www.googleapis.com/auth/cloud-platform https://www.googleapis.com/auth/cloudplatformprojects.readonly https://www.googleapis.com/auth/firebase openid' } 
 Sat May 12 2018 11:46:00 GMT+0000 (UTC)
[debug] [2018-05-12T11:46:00.770Z] <<< HTTP RESPONSE 200
[debug] [2018-05-12T11:46:00.808Z] >>> HTTP REQUEST GET https://admin.firebase.com/v1/projects/mondial-pronos  
  
 Sat May 12 2018 11:46:00 GMT+0000 (UTC)
[debug] [2018-05-12T11:46:01.576Z] <<< HTTP RESPONSE 200
[debug] [2018-05-12T11:46:01.578Z] >>> HTTP REQUEST GET https://admin.firebase.com/v1/database/mondial-pronos/tokens  
  
 Sat May 12 2018 11:46:01 GMT+0000 (UTC)
[debug] [2018-05-12T11:46:02.387Z] <<< HTTP RESPONSE 200
[debug] [2018-05-12T11:46:02.390Z] >>> HTTP REQUEST GET https://cloudresourcemanager.googleapis.com/v1/projects/mondial-pronos  
  
 Sat May 12 2018 11:46:02 GMT+0000 (UTC)
[debug] [2018-05-12T11:46:03.207Z] <<< HTTP RESPONSE 200
[info] 
[info] === Serving from '/mondial-pronos'...
[info] 
[info] i  functions: Preparing to emulate functions.
[debug] [2018-05-12T11:46:06.149Z] Fetching environment
[debug] [2018-05-12T11:46:06.172Z] >>> HTTP REQUEST GET https://mobilesdk-pa.googleapis.com/v1/projects/970473692853:getServerAppConfig  
  
 Sat May 12 2018 11:46:06 GMT+0000 (UTC)
[debug] [2018-05-12T11:46:06.688Z] <<< HTTP RESPONSE 200
[debug] [2018-05-12T11:46:06.689Z] Starting @google-cloud/functions-emulator
[debug] [2018-05-12T11:46:08.829Z] Parsing function triggers
[debug] [2018-05-12T11:48:07.652Z] ----------------------------------------------------------------------
[debug] [2018-05-12T11:48:07.656Z] Command:       /usr/local/bin/node /mondial-pronos/firebase/node_modules/.bin/firebase serve --host 0.0.0.0 --only functions --debug
[debug] [2018-05-12T11:48:07.657Z] CLI Version:   3.18.4
[debug] [2018-05-12T11:48:07.657Z] Platform:      linux
[debug] [2018-05-12T11:48:07.657Z] Node Version:  v6.11.5
[debug] [2018-05-12T11:48:07.657Z] Time:          Sat May 12 2018 11:48:07 GMT+0000 (UTC)
[debug] [2018-05-12T11:48:07.657Z] ----------------------------------------------------------------------
[debug] 
[debug] [2018-05-12T11:48:07.667Z] > command requires scopes: ["email","openid","https://www.googleapis.com/auth/cloudplatformprojects.readonly","https://www.googleapis.com/auth/firebase","https://www.googleapis.com/auth/cloud-platform"]
[debug] [2018-05-12T11:48:07.668Z] > authorizing via signed-in user
[debug] [2018-05-12T11:48:07.671Z] >>> HTTP REQUEST GET https://admin.firebase.com/v1/projects/mondial-pronos  
  
 Sat May 12 2018 11:48:07 GMT+0000 (UTC)
[debug] [2018-05-12T11:48:08.439Z] <<< HTTP RESPONSE 200
[debug] [2018-05-12T11:48:08.442Z] >>> HTTP REQUEST GET https://admin.firebase.com/v1/database/mondial-pronos/tokens  
  
 Sat May 12 2018 11:48:08 GMT+0000 (UTC)
[debug] [2018-05-12T11:48:09.154Z] <<< HTTP RESPONSE 200
[debug] [2018-05-12T11:48:09.158Z] >>> HTTP REQUEST GET https://cloudresourcemanager.googleapis.com/v1/projects/mondial-pronos  
  
 Sat May 12 2018 11:48:09 GMT+0000 (UTC)
[debug] [2018-05-12T11:48:09.879Z] <<< HTTP RESPONSE 200
[info] 
[info] === Serving from '/mondial-pronos'...
[info] 
[info] i  functions: Preparing to emulate functions.
[debug] [2018-05-12T11:48:10.547Z] Fetching environment
[debug] [2018-05-12T11:48:10.549Z] >>> HTTP REQUEST GET https://mobilesdk-pa.googleapis.com/v1/projects/970473692853:getServerAppConfig  
  
 Sat May 12 2018 11:48:10 GMT+0000 (UTC)
[debug] [2018-05-12T11:48:11.003Z] <<< HTTP RESPONSE 200
[debug] [2018-05-12T11:48:11.004Z] Starting @google-cloud/functions-emulator
[debug] [2018-05-12T11:48:12.668Z] Parsing function triggers
[debug] [2018-05-12T11:52:49.425Z] ----------------------------------------------------------------------
[debug] [2018-05-12T11:52:49.429Z] Command:       /usr/local/bin/node /mondial-pronos/firebase/node_modules/.bin/firebase serve --host 0.0.0.0 --only functions --debug
[debug] [2018-05-12T11:52:49.430Z] CLI Version:   3.18.4
[debug] [2018-05-12T11:52:49.430Z] Platform:      linux
[debug] [2018-05-12T11:52:49.430Z] Node Version:  v6.11.5
[debug] [2018-05-12T11:52:49.430Z] Time:          Sat May 12 2018 11:52:49 GMT+0000 (UTC)
[debug] [2018-05-12T11:52:49.430Z] ----------------------------------------------------------------------
[debug] 
[debug] [2018-05-12T11:52:49.442Z] > command requires scopes: ["email","openid","https://www.googleapis.com/auth/cloudplatformprojects.readonly","https://www.googleapis.com/auth/firebase","https://www.googleapis.com/auth/cloud-platform"]
[debug] [2018-05-12T11:52:49.442Z] > authorizing via signed-in user
[debug] [2018-05-12T11:52:49.445Z] >>> HTTP REQUEST GET https://admin.firebase.com/v1/projects/mondial-pronos  
  
 Sat May 12 2018 11:52:49 GMT+0000 (UTC)
[debug] [2018-05-12T11:52:50.136Z] <<< HTTP RESPONSE 200
[debug] [2018-05-12T11:52:50.138Z] >>> HTTP REQUEST GET https://admin.firebase.com/v1/database/mondial-pronos/tokens  
  
 Sat May 12 2018 11:52:50 GMT+0000 (UTC)
[debug] [2018-05-12T11:52:50.767Z] <<< HTTP RESPONSE 200
[debug] [2018-05-12T11:52:50.770Z] >>> HTTP REQUEST GET https://cloudresourcemanager.googleapis.com/v1/projects/mondial-pronos  
  
 Sat May 12 2018 11:52:50 GMT+0000 (UTC)
[debug] [2018-05-12T11:52:51.464Z] <<< HTTP RESPONSE 200
[info] 
[info] === Serving from '/mondial-pronos'...
[info] 
[info] i  functions: Preparing to emulate functions.
[debug] [2018-05-12T11:52:52.089Z] Fetching environment
[debug] [2018-05-12T11:52:52.091Z] >>> HTTP REQUEST GET https://mobilesdk-pa.googleapis.com/v1/projects/970473692853:getServerAppConfig  
  
 Sat May 12 2018 11:52:52 GMT+0000 (UTC)
[debug] [2018-05-12T11:52:52.513Z] <<< HTTP RESPONSE 200
[debug] [2018-05-12T11:52:52.514Z] Starting @google-cloud/functions-emulator
[debug] [2018-05-12T11:52:54.151Z] Parsing function triggers
[debug] [2018-05-12T11:55:30.154Z] ----------------------------------------------------------------------
[debug] [2018-05-12T11:55:30.158Z] Command:       /usr/local/bin/node /mondial-pronos/firebase/node_modules/.bin/firebase serve --host 0.0.0.0 --only functions --debug
[debug] [2018-05-12T11:55:30.159Z] CLI Version:   3.18.4
[debug] [2018-05-12T11:55:30.159Z] Platform:      linux
[debug] [2018-05-12T11:55:30.159Z] Node Version:  v6.11.5
[debug] [2018-05-12T11:55:30.159Z] Time:          Sat May 12 2018 11:55:30 GMT+0000 (UTC)
[debug] [2018-05-12T11:55:30.159Z] ----------------------------------------------------------------------
[debug] 
[debug] [2018-05-12T11:55:30.170Z] > command requires scopes: ["email","openid","https://www.googleapis.com/auth/cloudplatformprojects.readonly","https://www.googleapis.com/auth/firebase","https://www.googleapis.com/auth/cloud-platform"]
[debug] [2018-05-12T11:55:30.170Z] > authorizing via signed-in user
[debug] [2018-05-12T11:55:30.173Z] >>> HTTP REQUEST GET https://admin.firebase.com/v1/projects/mondial-pronos  
  
 Sat May 12 2018 11:55:30 GMT+0000 (UTC)
[debug] [2018-05-12T11:55:31.079Z] <<< HTTP RESPONSE 200
[debug] [2018-05-12T11:55:31.082Z] >>> HTTP REQUEST GET https://admin.firebase.com/v1/database/mondial-pronos/tokens  
  
 Sat May 12 2018 11:55:31 GMT+0000 (UTC)
[debug] [2018-05-12T11:55:31.739Z] <<< HTTP RESPONSE 200
[debug] [2018-05-12T11:55:31.740Z] >>> HTTP REQUEST GET https://cloudresourcemanager.googleapis.com/v1/projects/mondial-pronos  
  
 Sat May 12 2018 11:55:31 GMT+0000 (UTC)
[debug] [2018-05-12T11:55:32.558Z] <<< HTTP RESPONSE 200
[info] 
[info] === Serving from '/mondial-pronos'...
[info] 
[info] i  functions: Preparing to emulate functions.
[debug] [2018-05-12T11:55:33.217Z] Fetching environment
[debug] [2018-05-12T11:55:33.219Z] >>> HTTP REQUEST GET https://mobilesdk-pa.googleapis.com/v1/projects/970473692853:getServerAppConfig  
  
 Sat May 12 2018 11:55:33 GMT+0000 (UTC)
[debug] [2018-05-12T11:55:33.685Z] <<< HTTP RESPONSE 200
[debug] [2018-05-12T11:55:33.686Z] Starting @google-cloud/functions-emulator
[debug] [2018-05-12T11:55:35.363Z] Parsing function triggers
[debug] [2018-05-12T11:58:15.336Z] ----------------------------------------------------------------------
[debug] [2018-05-12T11:58:15.340Z] Command:       /usr/local/bin/node /mondial-pronos/firebase/node_modules/.bin/firebase serve --host 0.0.0.0 --only functions --debug
[debug] [2018-05-12T11:58:15.341Z] CLI Version:   3.18.4
[debug] [2018-05-12T11:58:15.341Z] Platform:      linux
[debug] [2018-05-12T11:58:15.341Z] Node Version:  v6.11.5
[debug] [2018-05-12T11:58:15.341Z] Time:          Sat May 12 2018 11:58:15 GMT+0000 (UTC)
[debug] [2018-05-12T11:58:15.342Z] ----------------------------------------------------------------------
[debug] 
[debug] [2018-05-12T11:58:15.356Z] > command requires scopes: ["email","openid","https://www.googleapis.com/auth/cloudplatformprojects.readonly","https://www.googleapis.com/auth/firebase","https://www.googleapis.com/auth/cloud-platform"]
[debug] [2018-05-12T11:58:15.357Z] > authorizing via signed-in user
[debug] [2018-05-12T11:58:15.361Z] >>> HTTP REQUEST GET https://admin.firebase.com/v1/projects/mondial-pronos  
  
 Sat May 12 2018 11:58:15 GMT+0000 (UTC)
[debug] [2018-05-12T11:58:16.237Z] <<< HTTP RESPONSE 200
[debug] [2018-05-12T11:58:16.240Z] >>> HTTP REQUEST GET https://admin.firebase.com/v1/database/mondial-pronos/tokens  
  
 Sat May 12 2018 11:58:16 GMT+0000 (UTC)
[debug] [2018-05-12T11:58:16.885Z] <<< HTTP RESPONSE 200
[debug] [2018-05-12T11:58:16.887Z] >>> HTTP REQUEST GET https://cloudresourcemanager.googleapis.com/v1/projects/mondial-pronos  
  
 Sat May 12 2018 11:58:16 GMT+0000 (UTC)
[debug] [2018-05-12T11:58:17.630Z] <<< HTTP RESPONSE 200
[info] 
[info] === Serving from '/mondial-pronos'...
[info] 
[info] i  functions: Preparing to emulate functions.
[debug] [2018-05-12T11:58:18.260Z] Fetching environment
[debug] [2018-05-12T11:58:18.261Z] >>> HTTP REQUEST GET https://mobilesdk-pa.googleapis.com/v1/projects/970473692853:getServerAppConfig  
  
 Sat May 12 2018 11:58:18 GMT+0000 (UTC)
[debug] [2018-05-12T11:58:18.755Z] <<< HTTP RESPONSE 200
[debug] [2018-05-12T11:58:18.756Z] Starting @google-cloud/functions-emulator
[debug] [2018-05-12T11:58:20.379Z] Parsing function triggers
[debug] [2018-05-12T12:02:48.027Z] ----------------------------------------------------------------------
[debug] [2018-05-12T12:02:48.031Z] Command:       /usr/local/bin/node /mondial-pronos/firebase/node_modules/.bin/firebase serve --host 0.0.0.0 --only functions --debug
[debug] [2018-05-12T12:02:48.032Z] CLI Version:   3.18.4
[debug] [2018-05-12T12:02:48.032Z] Platform:      linux
[debug] [2018-05-12T12:02:48.032Z] Node Version:  v6.11.5
[debug] [2018-05-12T12:02:48.032Z] Time:          Sat May 12 2018 12:02:48 GMT+0000 (UTC)
[debug] [2018-05-12T12:02:48.032Z] ----------------------------------------------------------------------
[debug] 
[debug] [2018-05-12T12:02:48.047Z] > command requires scopes: ["email","openid","https://www.googleapis.com/auth/cloudplatformprojects.readonly","https://www.googleapis.com/auth/firebase","https://www.googleapis.com/auth/cloud-platform"]
[debug] [2018-05-12T12:02:48.047Z] > authorizing via signed-in user
[debug] [2018-05-12T12:02:48.051Z] >>> HTTP REQUEST GET https://admin.firebase.com/v1/projects/mondial-pronos  
  
 Sat May 12 2018 12:02:48 GMT+0000 (UTC)
[debug] [2018-05-12T12:02:48.767Z] <<< HTTP RESPONSE 200
[debug] [2018-05-12T12:02:48.770Z] >>> HTTP REQUEST GET https://admin.firebase.com/v1/database/mondial-pronos/tokens  
  
 Sat May 12 2018 12:02:48 GMT+0000 (UTC)
[debug] [2018-05-12T12:02:49.379Z] <<< HTTP RESPONSE 200
[debug] [2018-05-12T12:02:49.382Z] >>> HTTP REQUEST GET https://cloudresourcemanager.googleapis.com/v1/projects/mondial-pronos  
  
 Sat May 12 2018 12:02:49 GMT+0000 (UTC)
[debug] [2018-05-12T12:02:50.119Z] <<< HTTP RESPONSE 200
[info] 
[info] === Serving from '/mondial-pronos'...
[info] 
[info] i  functions: Preparing to emulate functions.
[debug] [2018-05-12T12:02:50.719Z] Fetching environment
[debug] [2018-05-12T12:02:50.720Z] >>> HTTP REQUEST GET https://mobilesdk-pa.googleapis.com/v1/projects/970473692853:getServerAppConfig  
  
 Sat May 12 2018 12:02:50 GMT+0000 (UTC)
[debug] [2018-05-12T12:02:51.142Z] <<< HTTP RESPONSE 200
[debug] [2018-05-12T12:02:51.143Z] Starting @google-cloud/functions-emulator
[debug] [2018-05-12T12:02:52.805Z] Parsing function triggers
[debug] [2018-05-12T12:03:15.301Z] ----------------------------------------------------------------------
[debug] [2018-05-12T12:03:15.305Z] Command:       /usr/local/bin/node /mondial-pronos/firebase/node_modules/.bin/firebase serve --host 0.0.0.0 --only functions --debug
[debug] [2018-05-12T12:03:15.306Z] CLI Version:   3.18.4
[debug] [2018-05-12T12:03:15.306Z] Platform:      linux
[debug] [2018-05-12T12:03:15.306Z] Node Version:  v6.11.5
[debug] [2018-05-12T12:03:15.306Z] Time:          Sat May 12 2018 12:03:15 GMT+0000 (UTC)
[debug] [2018-05-12T12:03:15.306Z] ----------------------------------------------------------------------
[debug] 
[debug] [2018-05-12T12:03:15.317Z] > command requires scopes: ["email","openid","https://www.googleapis.com/auth/cloudplatformprojects.readonly","https://www.googleapis.com/auth/firebase","https://www.googleapis.com/auth/cloud-platform"]
[debug] [2018-05-12T12:03:15.317Z] > authorizing via signed-in user
[debug] [2018-05-12T12:03:15.320Z] >>> HTTP REQUEST GET https://admin.firebase.com/v1/projects/mondial-pronos  
  
 Sat May 12 2018 12:03:15 GMT+0000 (UTC)
[debug] [2018-05-12T12:03:16.034Z] <<< HTTP RESPONSE 200
[debug] [2018-05-12T12:03:16.035Z] >>> HTTP REQUEST GET https://admin.firebase.com/v1/database/mondial-pronos/tokens  
  
 Sat May 12 2018 12:03:16 GMT+0000 (UTC)
[debug] [2018-05-12T12:03:16.642Z] <<< HTTP RESPONSE 200
[debug] [2018-05-12T12:03:16.644Z] >>> HTTP REQUEST GET https://cloudresourcemanager.googleapis.com/v1/projects/mondial-pronos  
  
 Sat May 12 2018 12:03:16 GMT+0000 (UTC)
[debug] [2018-05-12T12:03:17.346Z] <<< HTTP RESPONSE 200
[info] 
[info] === Serving from '/mondial-pronos'...
[info] 
[info] i  functions: Preparing to emulate functions.
[debug] [2018-05-12T12:03:17.952Z] Fetching environment
[debug] [2018-05-12T12:03:17.953Z] >>> HTTP REQUEST GET https://mobilesdk-pa.googleapis.com/v1/projects/970473692853:getServerAppConfig  
  
 Sat May 12 2018 12:03:17 GMT+0000 (UTC)
[debug] [2018-05-12T12:03:18.483Z] <<< HTTP RESPONSE 200
[debug] [2018-05-12T12:03:18.483Z] Starting @google-cloud/functions-emulator
[debug] [2018-05-12T12:03:20.146Z] Parsing function triggers
[debug] [2018-05-12T12:09:15.636Z] ----------------------------------------------------------------------
[debug] [2018-05-12T12:09:15.640Z] Command:       /usr/local/bin/node /mondial-pronos/firebase/node_modules/.bin/firebase serve --host 0.0.0.0 --only functions --debug
[debug] [2018-05-12T12:09:15.641Z] CLI Version:   3.18.4
[debug] [2018-05-12T12:09:15.641Z] Platform:      linux
[debug] [2018-05-12T12:09:15.641Z] Node Version:  v6.11.5
[debug] [2018-05-12T12:09:15.641Z] Time:          Sat May 12 2018 12:09:15 GMT+0000 (UTC)
[debug] [2018-05-12T12:09:15.642Z] ----------------------------------------------------------------------
[debug] 
[debug] [2018-05-12T12:09:15.657Z] > command requires scopes: ["email","openid","https://www.googleapis.com/auth/cloudplatformprojects.readonly","https://www.googleapis.com/auth/firebase","https://www.googleapis.com/auth/cloud-platform"]
[debug] [2018-05-12T12:09:15.657Z] > authorizing via signed-in user
[debug] [2018-05-12T12:09:15.660Z] >>> HTTP REQUEST GET https://admin.firebase.com/v1/projects/mondial-pronos  
  
 Sat May 12 2018 12:09:15 GMT+0000 (UTC)
[debug] [2018-05-12T12:09:16.643Z] <<< HTTP RESPONSE 200
[debug] [2018-05-12T12:09:16.647Z] >>> HTTP REQUEST GET https://admin.firebase.com/v1/database/mondial-pronos/tokens  
  
 Sat May 12 2018 12:09:16 GMT+0000 (UTC)
[debug] [2018-05-12T12:09:17.403Z] <<< HTTP RESPONSE 200
[debug] [2018-05-12T12:09:17.407Z] >>> HTTP REQUEST GET https://cloudresourcemanager.googleapis.com/v1/projects/mondial-pronos  
  
 Sat May 12 2018 12:09:17 GMT+0000 (UTC)
[debug] [2018-05-12T12:09:18.118Z] <<< HTTP RESPONSE 200
[info] 
[info] === Serving from '/mondial-pronos'...
[info] 
[info] i  functions: Preparing to emulate functions.
[debug] [2018-05-12T12:09:18.718Z] Fetching environment
[debug] [2018-05-12T12:09:18.719Z] >>> HTTP REQUEST GET https://mobilesdk-pa.googleapis.com/v1/projects/970473692853:getServerAppConfig  
  
 Sat May 12 2018 12:09:18 GMT+0000 (UTC)
[debug] [2018-05-12T12:09:19.244Z] <<< HTTP RESPONSE 200
[debug] [2018-05-12T12:09:19.245Z] Starting @google-cloud/functions-emulator
[debug] [2018-05-12T12:09:20.864Z] Parsing function triggers
[info] Shutting down...
[debug] [2018-05-12T12:12:45.419Z] ----------------------------------------------------------------------
[debug] [2018-05-12T12:12:45.423Z] Command:       /usr/local/bin/node /mondial-pronos/firebase/node_modules/.bin/firebase serve --host 0.0.0.0 --only functions --debug
[debug] [2018-05-12T12:12:45.424Z] CLI Version:   3.18.4
[debug] [2018-05-12T12:12:45.424Z] Platform:      linux
[debug] [2018-05-12T12:12:45.424Z] Node Version:  v6.11.5
[debug] [2018-05-12T12:12:45.424Z] Time:          Sat May 12 2018 12:12:45 GMT+0000 (UTC)
[debug] [2018-05-12T12:12:45.424Z] ----------------------------------------------------------------------
[debug] 
[debug] [2018-05-12T12:12:45.435Z] > command requires scopes: ["email","openid","https://www.googleapis.com/auth/cloudplatformprojects.readonly","https://www.googleapis.com/auth/firebase","https://www.googleapis.com/auth/cloud-platform"]
[debug] [2018-05-12T12:12:45.435Z] > authorizing via signed-in user
[debug] [2018-05-12T12:12:45.438Z] >>> HTTP REQUEST GET https://admin.firebase.com/v1/projects/mondial-pronos  
  
 Sat May 12 2018 12:12:45 GMT+0000 (UTC)
[debug] [2018-05-12T12:12:46.249Z] <<< HTTP RESPONSE 200
[debug] [2018-05-12T12:12:46.251Z] >>> HTTP REQUEST GET https://admin.firebase.com/v1/database/mondial-pronos/tokens  
  
 Sat May 12 2018 12:12:46 GMT+0000 (UTC)
[debug] [2018-05-12T12:12:46.901Z] <<< HTTP RESPONSE 200
[debug] [2018-05-12T12:12:46.905Z] >>> HTTP REQUEST GET https://cloudresourcemanager.googleapis.com/v1/projects/mondial-pronos  
  
 Sat May 12 2018 12:12:46 GMT+0000 (UTC)
[debug] [2018-05-12T12:12:47.734Z] <<< HTTP RESPONSE 200
[info] 
[info] === Serving from '/mondial-pronos'...
[info] 
[info] i  functions: Preparing to emulate functions.
[debug] [2018-05-12T12:12:48.390Z] Fetching environment
[debug] [2018-05-12T12:12:48.391Z] >>> HTTP REQUEST GET https://mobilesdk-pa.googleapis.com/v1/projects/970473692853:getServerAppConfig  
  
 Sat May 12 2018 12:12:48 GMT+0000 (UTC)
[debug] [2018-05-12T12:12:48.859Z] <<< HTTP RESPONSE 200
[debug] [2018-05-12T12:12:48.860Z] Starting @google-cloud/functions-emulator
[debug] [2018-05-12T12:12:50.483Z] Parsing function triggers
[info] Shutting down...
[debug] [2018-05-12T12:13:59.539Z] ----------------------------------------------------------------------
[debug] [2018-05-12T12:13:59.543Z] Command:       /usr/local/bin/node /mondial-pronos/functions/node_modules/.bin/firebase serve --host 0.0.0.0 --only functions --debug
[debug] [2018-05-12T12:13:59.543Z] CLI Version:   3.18.4
[debug] [2018-05-12T12:13:59.543Z] Platform:      linux
[debug] [2018-05-12T12:13:59.543Z] Node Version:  v6.11.5
[debug] [2018-05-12T12:13:59.544Z] Time:          Sat May 12 2018 12:13:59 GMT+0000 (UTC)
[debug] [2018-05-12T12:13:59.544Z] ----------------------------------------------------------------------
[debug] 
[debug] [2018-05-12T12:13:59.555Z] > command requires scopes: ["email","openid","https://www.googleapis.com/auth/cloudplatformprojects.readonly","https://www.googleapis.com/auth/firebase","https://www.googleapis.com/auth/cloud-platform"]
[debug] [2018-05-12T12:13:59.555Z] > authorizing via signed-in user
[debug] [2018-05-12T12:13:59.557Z] >>> HTTP REQUEST GET https://admin.firebase.com/v1/projects/mondial-pronos  
  
 Sat May 12 2018 12:13:59 GMT+0000 (UTC)
[debug] [2018-05-12T12:14:00.404Z] <<< HTTP RESPONSE 200
[debug] [2018-05-12T12:14:00.407Z] >>> HTTP REQUEST GET https://admin.firebase.com/v1/database/mondial-pronos/tokens  
  
 Sat May 12 2018 12:14:00 GMT+0000 (UTC)
[debug] [2018-05-12T12:14:01.159Z] <<< HTTP RESPONSE 200
[debug] [2018-05-12T12:14:01.163Z] >>> HTTP REQUEST GET https://cloudresourcemanager.googleapis.com/v1/projects/mondial-pronos  
  
 Sat May 12 2018 12:14:01 GMT+0000 (UTC)
[debug] [2018-05-12T12:14:01.976Z] <<< HTTP RESPONSE 200
[info] 
[info] === Serving from '/mondial-pronos'...
[info] 
[info] i  functions: Preparing to emulate functions.
[debug] [2018-05-12T12:14:02.597Z] Fetching environment
[debug] [2018-05-12T12:14:02.599Z] >>> HTTP REQUEST GET https://mobilesdk-pa.googleapis.com/v1/projects/970473692853:getServerAppConfig  
  
 Sat May 12 2018 12:14:02 GMT+0000 (UTC)
[debug] [2018-05-12T12:14:03.102Z] <<< HTTP RESPONSE 200
[debug] [2018-05-12T12:14:03.103Z] Starting @google-cloud/functions-emulator
[debug] [2018-05-12T12:14:04.717Z] Parsing function triggers
[info] Shutting down...
[debug] [2018-05-12T12:14:19.075Z] ----------------------------------------------------------------------
[debug] [2018-05-12T12:14:19.079Z] Command:       /usr/local/bin/node /mondial-pronos/functions/node_modules/.bin/firebase serve --host 0.0.0.0 --only functions --debug
[debug] [2018-05-12T12:14:19.080Z] CLI Version:   3.18.4
[debug] [2018-05-12T12:14:19.080Z] Platform:      linux
[debug] [2018-05-12T12:14:19.080Z] Node Version:  v6.11.5
[debug] [2018-05-12T12:14:19.080Z] Time:          Sat May 12 2018 12:14:19 GMT+0000 (UTC)
[debug] [2018-05-12T12:14:19.080Z] ----------------------------------------------------------------------
[debug] 
[debug] [2018-05-12T12:14:19.091Z] > command requires scopes: ["email","openid","https://www.googleapis.com/auth/cloudplatformprojects.readonly","https://www.googleapis.com/auth/firebase","https://www.googleapis.com/auth/cloud-platform"]
[debug] [2018-05-12T12:14:19.092Z] > authorizing via signed-in user
[debug] [2018-05-12T12:14:19.094Z] >>> HTTP REQUEST GET https://admin.firebase.com/v1/projects/mondial-pronos  
  
 Sat May 12 2018 12:14:19 GMT+0000 (UTC)
[debug] [2018-05-12T12:14:20.012Z] <<< HTTP RESPONSE 200
[debug] [2018-05-12T12:14:20.016Z] >>> HTTP REQUEST GET https://admin.firebase.com/v1/database/mondial-pronos/tokens  
  
 Sat May 12 2018 12:14:20 GMT+0000 (UTC)
[debug] [2018-05-12T12:14:20.579Z] <<< HTTP RESPONSE 200
[debug] [2018-05-12T12:14:20.582Z] >>> HTTP REQUEST GET https://cloudresourcemanager.googleapis.com/v1/projects/mondial-pronos  
  
 Sat May 12 2018 12:14:20 GMT+0000 (UTC)
[debug] [2018-05-12T12:14:21.328Z] <<< HTTP RESPONSE 200
[info] 
[info] === Serving from '/mondial-pronos'...
[info] 
[info] i  functions: Preparing to emulate functions.
[debug] [2018-05-12T12:14:21.975Z] Fetching environment
[debug] [2018-05-12T12:14:21.976Z] >>> HTTP REQUEST GET https://mobilesdk-pa.googleapis.com/v1/projects/970473692853:getServerAppConfig  
  
 Sat May 12 2018 12:14:21 GMT+0000 (UTC)
[debug] [2018-05-12T12:14:22.456Z] <<< HTTP RESPONSE 200
[debug] [2018-05-12T12:14:22.457Z] Starting @google-cloud/functions-emulator
[debug] [2018-05-12T12:14:24.086Z] Parsing function triggers
[info] Shutting down...
[debug] [2018-05-12T12:16:59.964Z] ----------------------------------------------------------------------
[debug] [2018-05-12T12:16:59.967Z] Command:       /usr/local/bin/node /mondial-pronos/firebase/node_modules/.bin/firebase serve --host 0.0.0.0 --only functions --debug
[debug] [2018-05-12T12:16:59.968Z] CLI Version:   3.18.4
[debug] [2018-05-12T12:16:59.968Z] Platform:      linux
[debug] [2018-05-12T12:16:59.968Z] Node Version:  v8.9.4
[debug] [2018-05-12T12:16:59.968Z] Time:          Sat May 12 2018 12:16:59 GMT+0000 (UTC)
[debug] [2018-05-12T12:16:59.968Z] ----------------------------------------------------------------------
[debug] 
[debug] [2018-05-12T12:16:59.980Z] > command requires scopes: ["email","openid","https://www.googleapis.com/auth/cloudplatformprojects.readonly","https://www.googleapis.com/auth/firebase","https://www.googleapis.com/auth/cloud-platform"]
[debug] [2018-05-12T12:16:59.981Z] > authorizing via signed-in user
[debug] [2018-05-12T12:16:59.983Z] >>> HTTP REQUEST GET https://admin.firebase.com/v1/projects/mondial-pronos  
  
 Sat May 12 2018 12:16:59 GMT+0000 (UTC)
[debug] [2018-05-12T12:17:00.816Z] <<< HTTP RESPONSE 200
[debug] [2018-05-12T12:17:00.818Z] >>> HTTP REQUEST GET https://admin.firebase.com/v1/database/mondial-pronos/tokens  
  
 Sat May 12 2018 12:17:00 GMT+0000 (UTC)
[debug] [2018-05-12T12:17:01.586Z] <<< HTTP RESPONSE 200
[debug] [2018-05-12T12:17:01.588Z] >>> HTTP REQUEST GET https://cloudresourcemanager.googleapis.com/v1/projects/mondial-pronos  
  
 Sat May 12 2018 12:17:01 GMT+0000 (UTC)
[debug] [2018-05-12T12:17:02.303Z] <<< HTTP RESPONSE 200
[info] 
[info] === Serving from '/mondial-pronos'...
[info] 
[info] i  functions: Preparing to emulate functions.
[debug] [2018-05-12T12:17:02.857Z] Fetching environment
[debug] [2018-05-12T12:17:02.858Z] >>> HTTP REQUEST GET https://mobilesdk-pa.googleapis.com/v1/projects/970473692853:getServerAppConfig  
  
 Sat May 12 2018 12:17:02 GMT+0000 (UTC)
[debug] [2018-05-12T12:17:03.429Z] <<< HTTP RESPONSE 200
[debug] [2018-05-12T12:17:03.430Z] Starting @google-cloud/functions-emulator
[debug] [2018-05-12T12:17:05.054Z] Parsing function triggers
[debug] [2018-05-12T12:17:49.524Z] ----------------------------------------------------------------------
[debug] [2018-05-12T12:17:49.527Z] Command:       /usr/local/bin/node /mondial-pronos/firebase/node_modules/.bin/firebase serve --host 0.0.0.0 --only functions --debug
[debug] [2018-05-12T12:17:49.528Z] CLI Version:   3.18.4
[debug] [2018-05-12T12:17:49.528Z] Platform:      linux
[debug] [2018-05-12T12:17:49.528Z] Node Version:  v8.9.4
[debug] [2018-05-12T12:17:49.528Z] Time:          Sat May 12 2018 12:17:49 GMT+0000 (UTC)
[debug] [2018-05-12T12:17:49.528Z] ----------------------------------------------------------------------
[debug] 
[debug] [2018-05-12T12:17:49.536Z] > command requires scopes: ["email","openid","https://www.googleapis.com/auth/cloudplatformprojects.readonly","https://www.googleapis.com/auth/firebase","https://www.googleapis.com/auth/cloud-platform"]
[debug] [2018-05-12T12:17:49.537Z] > authorizing via signed-in user
[debug] [2018-05-12T12:17:49.539Z] >>> HTTP REQUEST GET https://admin.firebase.com/v1/projects/mondial-pronos  
  
 Sat May 12 2018 12:17:49 GMT+0000 (UTC)
[debug] [2018-05-12T12:17:50.388Z] <<< HTTP RESPONSE 200
[debug] [2018-05-12T12:17:50.391Z] >>> HTTP REQUEST GET https://admin.firebase.com/v1/database/mondial-pronos/tokens  
  
 Sat May 12 2018 12:17:50 GMT+0000 (UTC)
[debug] [2018-05-12T12:17:51.148Z] <<< HTTP RESPONSE 200
[debug] [2018-05-12T12:17:51.150Z] >>> HTTP REQUEST GET https://cloudresourcemanager.googleapis.com/v1/projects/mondial-pronos  
  
 Sat May 12 2018 12:17:51 GMT+0000 (UTC)
[debug] [2018-05-12T12:17:51.865Z] <<< HTTP RESPONSE 200
[info] 
[info] === Serving from '/mondial-pronos'...
[info] 
[info] i  functions: Preparing to emulate functions.
[debug] [2018-05-12T12:17:52.425Z] Fetching environment
[debug] [2018-05-12T12:17:52.426Z] >>> HTTP REQUEST GET https://mobilesdk-pa.googleapis.com/v1/projects/970473692853:getServerAppConfig  
  
 Sat May 12 2018 12:17:52 GMT+0000 (UTC)
[debug] [2018-05-12T12:17:53.007Z] <<< HTTP RESPONSE 200
[debug] [2018-05-12T12:17:53.008Z] Starting @google-cloud/functions-emulator
[debug] [2018-05-12T12:17:54.655Z] Parsing function triggers
[debug] [2018-05-12T12:20:24.524Z] ----------------------------------------------------------------------
[debug] [2018-05-12T12:20:24.527Z] Command:       /usr/local/bin/node /mondial-pronos/firebase/node_modules/.bin/firebase serve --host 0.0.0.0 --only functions --debug
[debug] [2018-05-12T12:20:24.527Z] CLI Version:   3.18.4
[debug] [2018-05-12T12:20:24.527Z] Platform:      linux
[debug] [2018-05-12T12:20:24.528Z] Node Version:  v8.9.4
[debug] [2018-05-12T12:20:24.528Z] Time:          Sat May 12 2018 12:20:24 GMT+0000 (UTC)
[debug] [2018-05-12T12:20:24.528Z] ----------------------------------------------------------------------
[debug] 
[debug] [2018-05-12T12:20:24.540Z] > command requires scopes: ["email","openid","https://www.googleapis.com/auth/cloudplatformprojects.readonly","https://www.googleapis.com/auth/firebase","https://www.googleapis.com/auth/cloud-platform"]
[debug] [2018-05-12T12:20:24.540Z] > authorizing via signed-in user
[debug] [2018-05-12T12:20:24.543Z] >>> HTTP REQUEST GET https://admin.firebase.com/v1/projects/mondial-pronos  
  
 Sat May 12 2018 12:20:24 GMT+0000 (UTC)
[debug] [2018-05-12T12:20:25.474Z] <<< HTTP RESPONSE 200
[debug] [2018-05-12T12:20:25.476Z] >>> HTTP REQUEST GET https://admin.firebase.com/v1/database/mondial-pronos/tokens  
  
 Sat May 12 2018 12:20:25 GMT+0000 (UTC)
[debug] [2018-05-12T12:20:26.183Z] <<< HTTP RESPONSE 200
[debug] [2018-05-12T12:20:26.186Z] >>> HTTP REQUEST GET https://cloudresourcemanager.googleapis.com/v1/projects/mondial-pronos  
  
 Sat May 12 2018 12:20:26 GMT+0000 (UTC)
[debug] [2018-05-12T12:20:26.902Z] <<< HTTP RESPONSE 200
[info] 
[info] === Serving from '/mondial-pronos'...
[info] 
[info] i  functions: Preparing to emulate functions.
[debug] [2018-05-12T12:20:27.444Z] Fetching environment
[debug] [2018-05-12T12:20:27.445Z] >>> HTTP REQUEST GET https://mobilesdk-pa.googleapis.com/v1/projects/970473692853:getServerAppConfig  
  
 Sat May 12 2018 12:20:27 GMT+0000 (UTC)
[debug] [2018-05-12T12:20:28.026Z] <<< HTTP RESPONSE 200
[debug] [2018-05-12T12:20:28.027Z] Starting @google-cloud/functions-emulator
[debug] [2018-05-12T12:20:29.648Z] Parsing function triggers
[debug] [2018-05-12T12:21:39.812Z] ----------------------------------------------------------------------
[debug] [2018-05-12T12:21:39.815Z] Command:       /usr/local/bin/node /mondial-pronos/functions/node_modules/.bin/firebase serve --host 0.0.0.0 --only functions --debug
[debug] [2018-05-12T12:21:39.815Z] CLI Version:   3.18.4
[debug] [2018-05-12T12:21:39.815Z] Platform:      linux
[debug] [2018-05-12T12:21:39.816Z] Node Version:  v8.9.4
[debug] [2018-05-12T12:21:39.816Z] Time:          Sat May 12 2018 12:21:39 GMT+0000 (UTC)
[debug] [2018-05-12T12:21:39.816Z] ----------------------------------------------------------------------
[debug] 
[debug] [2018-05-12T12:21:39.824Z] > command requires scopes: ["email","openid","https://www.googleapis.com/auth/cloudplatformprojects.readonly","https://www.googleapis.com/auth/firebase","https://www.googleapis.com/auth/cloud-platform"]
[debug] [2018-05-12T12:21:39.825Z] > authorizing via signed-in user
[debug] [2018-05-12T12:21:39.827Z] >>> HTTP REQUEST GET https://admin.firebase.com/v1/projects/mondial-pronos  
  
 Sat May 12 2018 12:21:39 GMT+0000 (UTC)
[debug] [2018-05-12T12:21:40.591Z] <<< HTTP RESPONSE 200
[debug] [2018-05-12T12:21:40.594Z] >>> HTTP REQUEST GET https://admin.firebase.com/v1/database/mondial-pronos/tokens  
  
 Sat May 12 2018 12:21:40 GMT+0000 (UTC)
[debug] [2018-05-12T12:21:41.212Z] <<< HTTP RESPONSE 200
[debug] [2018-05-12T12:21:41.215Z] >>> HTTP REQUEST GET https://cloudresourcemanager.googleapis.com/v1/projects/mondial-pronos  
  
 Sat May 12 2018 12:21:41 GMT+0000 (UTC)
[debug] [2018-05-12T12:21:41.960Z] <<< HTTP RESPONSE 200
[info] 
[info] === Serving from '/mondial-pronos'...
[info] 
[info] i  functions: Preparing to emulate functions.
[debug] [2018-05-12T12:21:42.778Z] Fetching environment
[debug] [2018-05-12T12:21:42.779Z] >>> HTTP REQUEST GET https://mobilesdk-pa.googleapis.com/v1/projects/970473692853:getServerAppConfig  
  
 Sat May 12 2018 12:21:42 GMT+0000 (UTC)
[debug] [2018-05-12T12:21:43.240Z] <<< HTTP RESPONSE 200
[debug] [2018-05-12T12:21:43.241Z] Starting @google-cloud/functions-emulator
[debug] [2018-05-12T12:21:44.384Z] Parsing function triggers
[info] ✔  functions: helloWorld: http://localhost:5000/mondial-pronos/us-central1/helloWorld
[debug] [2018-05-12T12:22:12.356Z] ----------------------------------------------------------------------
[debug] [2018-05-12T12:22:12.359Z] Command:       /usr/local/bin/node /mondial-pronos/functions/node_modules/.bin/firebase serve --host 0.0.0.0 --only functions --debug
[debug] [2018-05-12T12:22:12.360Z] CLI Version:   3.18.4
[debug] [2018-05-12T12:22:12.360Z] Platform:      linux
[debug] [2018-05-12T12:22:12.360Z] Node Version:  v8.9.4
[debug] [2018-05-12T12:22:12.360Z] Time:          Sat May 12 2018 12:22:12 GMT+0000 (UTC)
[debug] [2018-05-12T12:22:12.360Z] ----------------------------------------------------------------------
[debug] 
[debug] [2018-05-12T12:22:12.370Z] > command requires scopes: ["email","openid","https://www.googleapis.com/auth/cloudplatformprojects.readonly","https://www.googleapis.com/auth/firebase","https://www.googleapis.com/auth/cloud-platform"]
[debug] [2018-05-12T12:22:12.370Z] > authorizing via signed-in user
[debug] [2018-05-12T12:22:12.372Z] >>> HTTP REQUEST GET https://admin.firebase.com/v1/projects/mondial-pronos  
  
 Sat May 12 2018 12:22:12 GMT+0000 (UTC)
[debug] [2018-05-12T12:22:13.226Z] <<< HTTP RESPONSE 200
[debug] [2018-05-12T12:22:13.230Z] >>> HTTP REQUEST GET https://admin.firebase.com/v1/database/mondial-pronos/tokens  
  
 Sat May 12 2018 12:22:13 GMT+0000 (UTC)
[debug] [2018-05-12T12:22:14.014Z] <<< HTTP RESPONSE 200
[debug] [2018-05-12T12:22:14.018Z] >>> HTTP REQUEST GET https://cloudresourcemanager.googleapis.com/v1/projects/mondial-pronos  
  
 Sat May 12 2018 12:22:14 GMT+0000 (UTC)
[debug] [2018-05-12T12:22:14.730Z] <<< HTTP RESPONSE 200
[info] 
[info] === Serving from '/mondial-pronos'...
[info] 
[info] i  functions: Preparing to emulate functions.
[debug] [2018-05-12T12:22:15.271Z] Fetching environment
[debug] [2018-05-12T12:22:15.272Z] >>> HTTP REQUEST GET https://mobilesdk-pa.googleapis.com/v1/projects/970473692853:getServerAppConfig  
  
 Sat May 12 2018 12:22:15 GMT+0000 (UTC)
[debug] [2018-05-12T12:22:15.755Z] <<< HTTP RESPONSE 200
[debug] [2018-05-12T12:22:15.756Z] Starting @google-cloud/functions-emulator
[debug] [2018-05-12T12:22:17.375Z] Parsing function triggers
[info] ✔  functions: api: http://localhost:5000/mondial-pronos/us-central1/api
[debug] [2018-05-12T12:22:53.064Z] ----------------------------------------------------------------------
[debug] [2018-05-12T12:22:53.067Z] Command:       /usr/local/bin/node /mondial-pronos/functions/node_modules/.bin/firebase serve --host 0.0.0.0 --only functions --debug
[debug] [2018-05-12T12:22:53.068Z] CLI Version:   3.18.4
[debug] [2018-05-12T12:22:53.068Z] Platform:      linux
[debug] [2018-05-12T12:22:53.068Z] Node Version:  v8.9.4
[debug] [2018-05-12T12:22:53.068Z] Time:          Sat May 12 2018 12:22:53 GMT+0000 (UTC)
[debug] [2018-05-12T12:22:53.068Z] ----------------------------------------------------------------------
[debug] 
[debug] [2018-05-12T12:22:53.078Z] > command requires scopes: ["email","openid","https://www.googleapis.com/auth/cloudplatformprojects.readonly","https://www.googleapis.com/auth/firebase","https://www.googleapis.com/auth/cloud-platform"]
[debug] [2018-05-12T12:22:53.078Z] > authorizing via signed-in user
[debug] [2018-05-12T12:22:53.080Z] >>> HTTP REQUEST GET https://admin.firebase.com/v1/projects/mondial-pronos  
  
 Sat May 12 2018 12:22:53 GMT+0000 (UTC)
[debug] [2018-05-12T12:22:54.164Z] <<< HTTP RESPONSE 200
[debug] [2018-05-12T12:22:54.167Z] >>> HTTP REQUEST GET https://admin.firebase.com/v1/database/mondial-pronos/tokens  
  
 Sat May 12 2018 12:22:54 GMT+0000 (UTC)
[debug] [2018-05-12T12:22:54.973Z] <<< HTTP RESPONSE 200
[debug] [2018-05-12T12:22:54.975Z] >>> HTTP REQUEST GET https://cloudresourcemanager.googleapis.com/v1/projects/mondial-pronos  
  
 Sat May 12 2018 12:22:54 GMT+0000 (UTC)
[debug] [2018-05-12T12:22:55.690Z] <<< HTTP RESPONSE 200
[info] 
[info] === Serving from '/mondial-pronos'...
[info] 
[info] i  functions: Preparing to emulate functions.
[debug] [2018-05-12T12:22:56.224Z] Fetching environment
[debug] [2018-05-12T12:22:56.225Z] >>> HTTP REQUEST GET https://mobilesdk-pa.googleapis.com/v1/projects/970473692853:getServerAppConfig  
  
 Sat May 12 2018 12:22:56 GMT+0000 (UTC)
[debug] [2018-05-12T12:22:56.816Z] <<< HTTP RESPONSE 200
[debug] [2018-05-12T12:22:56.817Z] Starting @google-cloud/functions-emulator
[debug] [2018-05-12T12:22:57.937Z] Parsing function triggers
[info] ✔  functions: api: http://localhost:5000/mondial-pronos/us-central1/api
[debug] [2018-05-12T12:23:50.763Z] ----------------------------------------------------------------------
[debug] [2018-05-12T12:23:50.766Z] Command:       /usr/local/bin/node /mondial-pronos/functions/node_modules/.bin/firebase serve --host 0.0.0.0 --only functions --debug
[debug] [2018-05-12T12:23:50.767Z] CLI Version:   3.18.4
[debug] [2018-05-12T12:23:50.767Z] Platform:      linux
[debug] [2018-05-12T12:23:50.767Z] Node Version:  v8.9.4
[debug] [2018-05-12T12:23:50.767Z] Time:          Sat May 12 2018 12:23:50 GMT+0000 (UTC)
[debug] [2018-05-12T12:23:50.767Z] ----------------------------------------------------------------------
[debug] 
[debug] [2018-05-12T12:23:50.776Z] > command requires scopes: ["email","openid","https://www.googleapis.com/auth/cloudplatformprojects.readonly","https://www.googleapis.com/auth/firebase","https://www.googleapis.com/auth/cloud-platform"]
[debug] [2018-05-12T12:23:50.777Z] > authorizing via signed-in user
[debug] [2018-05-12T12:23:50.778Z] >>> HTTP REQUEST GET https://admin.firebase.com/v1/projects/mondial-pronos  
  
 Sat May 12 2018 12:23:50 GMT+0000 (UTC)
[debug] [2018-05-12T12:23:51.681Z] <<< HTTP RESPONSE 200
[debug] [2018-05-12T12:23:51.683Z] >>> HTTP REQUEST GET https://admin.firebase.com/v1/database/mondial-pronos/tokens  
  
 Sat May 12 2018 12:23:51 GMT+0000 (UTC)
[debug] [2018-05-12T12:23:52.377Z] <<< HTTP RESPONSE 200
[debug] [2018-05-12T12:23:52.380Z] >>> HTTP REQUEST GET https://cloudresourcemanager.googleapis.com/v1/projects/mondial-pronos  
  
 Sat May 12 2018 12:23:52 GMT+0000 (UTC)
[debug] [2018-05-12T12:23:53.251Z] <<< HTTP RESPONSE 200
[info] 
[info] === Serving from '/mondial-pronos'...
[info] 
[info] i  functions: Preparing to emulate functions.
[debug] [2018-05-12T12:23:53.794Z] Fetching environment
[debug] [2018-05-12T12:23:53.795Z] >>> HTTP REQUEST GET https://mobilesdk-pa.googleapis.com/v1/projects/970473692853:getServerAppConfig  
  
 Sat May 12 2018 12:23:53 GMT+0000 (UTC)
[debug] [2018-05-12T12:23:54.284Z] <<< HTTP RESPONSE 200
[debug] [2018-05-12T12:23:54.285Z] Starting @google-cloud/functions-emulator
[debug] [2018-05-12T12:23:55.406Z] Parsing function triggers
[info] ✔  functions: api: http://localhost:5000/mondial-pronos/us-central1/api
[debug] [2018-05-12T12:24:23.579Z] ----------------------------------------------------------------------
[debug] [2018-05-12T12:24:23.582Z] Command:       /usr/local/bin/node /mondial-pronos/functions/node_modules/.bin/firebase serve --host 0.0.0.0 --only functions --debug
[debug] [2018-05-12T12:24:23.583Z] CLI Version:   3.18.4
[debug] [2018-05-12T12:24:23.583Z] Platform:      linux
[debug] [2018-05-12T12:24:23.583Z] Node Version:  v8.9.4
[debug] [2018-05-12T12:24:23.583Z] Time:          Sat May 12 2018 12:24:23 GMT+0000 (UTC)
[debug] [2018-05-12T12:24:23.584Z] ----------------------------------------------------------------------
[debug] 
[debug] [2018-05-12T12:24:23.593Z] > command requires scopes: ["email","openid","https://www.googleapis.com/auth/cloudplatformprojects.readonly","https://www.googleapis.com/auth/firebase","https://www.googleapis.com/auth/cloud-platform"]
[debug] [2018-05-12T12:24:23.593Z] > authorizing via signed-in user
[debug] [2018-05-12T12:24:23.596Z] >>> HTTP REQUEST GET https://admin.firebase.com/v1/projects/mondial-pronos  
  
 Sat May 12 2018 12:24:23 GMT+0000 (UTC)
[debug] [2018-05-12T12:24:24.404Z] <<< HTTP RESPONSE 200
[debug] [2018-05-12T12:24:24.405Z] >>> HTTP REQUEST GET https://admin.firebase.com/v1/database/mondial-pronos/tokens  
  
 Sat May 12 2018 12:24:24 GMT+0000 (UTC)
[debug] [2018-05-12T12:24:24.984Z] <<< HTTP RESPONSE 200
[debug] [2018-05-12T12:24:24.986Z] >>> HTTP REQUEST GET https://cloudresourcemanager.googleapis.com/v1/projects/mondial-pronos  
  
 Sat May 12 2018 12:24:24 GMT+0000 (UTC)
[debug] [2018-05-12T12:24:25.700Z] <<< HTTP RESPONSE 200
[info] 
[info] === Serving from '/mondial-pronos'...
[info] 
[info] i  functions: Preparing to emulate functions.
[debug] [2018-05-12T12:24:26.254Z] Fetching environment
[debug] [2018-05-12T12:24:26.255Z] >>> HTTP REQUEST GET https://mobilesdk-pa.googleapis.com/v1/projects/970473692853:getServerAppConfig  
  
 Sat May 12 2018 12:24:26 GMT+0000 (UTC)
[debug] [2018-05-12T12:24:26.698Z] <<< HTTP RESPONSE 200
[debug] [2018-05-12T12:24:26.700Z] Starting @google-cloud/functions-emulator
[debug] [2018-05-12T12:24:28.351Z] Parsing function triggers
[info] ✔  functions: api: http://localhost:5000/mondial-pronos/us-central1/api
[debug] [2018-05-12T12:25:11.374Z] ----------------------------------------------------------------------
[debug] [2018-05-12T12:25:11.377Z] Command:       /usr/local/bin/node /mondial-pronos/functions/node_modules/.bin/firebase serve --host 0.0.0.0 --only functions --debug
[debug] [2018-05-12T12:25:11.377Z] CLI Version:   3.18.4
[debug] [2018-05-12T12:25:11.378Z] Platform:      linux
[debug] [2018-05-12T12:25:11.378Z] Node Version:  v8.9.4
[debug] [2018-05-12T12:25:11.378Z] Time:          Sat May 12 2018 12:25:11 GMT+0000 (UTC)
[debug] [2018-05-12T12:25:11.378Z] ----------------------------------------------------------------------
[debug] 
[debug] [2018-05-12T12:25:11.387Z] > command requires scopes: ["email","openid","https://www.googleapis.com/auth/cloudplatformprojects.readonly","https://www.googleapis.com/auth/firebase","https://www.googleapis.com/auth/cloud-platform"]
[debug] [2018-05-12T12:25:11.387Z] > authorizing via signed-in user
[debug] [2018-05-12T12:25:11.390Z] >>> HTTP REQUEST GET https://admin.firebase.com/v1/projects/mondial-pronos  
  
 Sat May 12 2018 12:25:11 GMT+0000 (UTC)
[debug] [2018-05-12T12:25:12.241Z] <<< HTTP RESPONSE 200
[debug] [2018-05-12T12:25:12.243Z] >>> HTTP REQUEST GET https://admin.firebase.com/v1/database/mondial-pronos/tokens  
  
 Sat May 12 2018 12:25:12 GMT+0000 (UTC)
[debug] [2018-05-12T12:25:12.767Z] <<< HTTP RESPONSE 200
[debug] [2018-05-12T12:25:12.769Z] >>> HTTP REQUEST GET https://cloudresourcemanager.googleapis.com/v1/projects/mondial-pronos  
  
 Sat May 12 2018 12:25:12 GMT+0000 (UTC)
[debug] [2018-05-12T12:25:13.524Z] <<< HTTP RESPONSE 200
[info] 
[info] === Serving from '/mondial-pronos'...
[info] 
[info] i  functions: Preparing to emulate functions.
[debug] [2018-05-12T12:25:14.066Z] Fetching environment
[debug] [2018-05-12T12:25:14.067Z] >>> HTTP REQUEST GET https://mobilesdk-pa.googleapis.com/v1/projects/970473692853:getServerAppConfig  
  
 Sat May 12 2018 12:25:14 GMT+0000 (UTC)
[debug] [2018-05-12T12:25:14.517Z] <<< HTTP RESPONSE 200
[debug] [2018-05-12T12:25:14.518Z] Starting @google-cloud/functions-emulator
[debug] [2018-05-12T12:25:16.173Z] Parsing function triggers
[info] ✔  functions: api: http://localhost:5000/mondial-pronos/us-central1/api
[debug] [2018-05-12T13:05:50.035Z] ----------------------------------------------------------------------
[debug] [2018-05-12T13:05:50.038Z] Command:       /usr/local/bin/node /mondial-pronos/functions/node_modules/.bin/firebase serve --host 0.0.0.0 --only functions --debug
[debug] [2018-05-12T13:05:50.039Z] CLI Version:   3.18.4
[debug] [2018-05-12T13:05:50.039Z] Platform:      linux
[debug] [2018-05-12T13:05:50.039Z] Node Version:  v8.9.4
[debug] [2018-05-12T13:05:50.040Z] Time:          Sat May 12 2018 13:05:50 GMT+0000 (UTC)
[debug] [2018-05-12T13:05:50.040Z] ----------------------------------------------------------------------
[debug] 
[debug] [2018-05-12T13:05:50.049Z] > command requires scopes: ["email","openid","https://www.googleapis.com/auth/cloudplatformprojects.readonly","https://www.googleapis.com/auth/firebase","https://www.googleapis.com/auth/cloud-platform"]
[debug] [2018-05-12T13:05:50.049Z] > authorizing via signed-in user
[debug] [2018-05-12T13:05:50.051Z] > refreshing access token with scopes: ["email","https://www.googleapis.com/auth/cloud-platform","https://www.googleapis.com/auth/cloudplatformprojects.readonly","https://www.googleapis.com/auth/firebase","openid"]
[debug] [2018-05-12T13:05:50.051Z] >>> HTTP REQUEST POST https://www.googleapis.com/oauth2/v3/token  
 { refresh_token: '1/7rxY39YeKhsi8hCGUwg5ZXuL1-pZLdzQNijRpeV8xPo',
  client_id: '563584335869-fgrhgmd47bqnekij5i8b5pr03ho849e6.apps.googleusercontent.com',
  client_secret: 'j9iVZfS8kkCEFUPaAeJV0sAi',
  grant_type: 'refresh_token',
  scope: 'email https://www.googleapis.com/auth/cloud-platform https://www.googleapis.com/auth/cloudplatformprojects.readonly https://www.googleapis.com/auth/firebase openid' } 
 Sat May 12 2018 13:05:50 GMT+0000 (UTC)
[debug] [2018-05-12T13:05:50.208Z] <<< HTTP RESPONSE 200
[debug] [2018-05-12T13:05:50.268Z] >>> HTTP REQUEST GET https://admin.firebase.com/v1/projects/mondial-pronos  
  
 Sat May 12 2018 13:05:50 GMT+0000 (UTC)
[debug] [2018-05-12T13:05:51.116Z] <<< HTTP RESPONSE 200
[debug] [2018-05-12T13:05:51.118Z] >>> HTTP REQUEST GET https://admin.firebase.com/v1/database/mondial-pronos/tokens  
  
 Sat May 12 2018 13:05:51 GMT+0000 (UTC)
[debug] [2018-05-12T13:05:51.903Z] <<< HTTP RESPONSE 200
[debug] [2018-05-12T13:05:51.907Z] >>> HTTP REQUEST GET https://cloudresourcemanager.googleapis.com/v1/projects/mondial-pronos  
  
 Sat May 12 2018 13:05:51 GMT+0000 (UTC)
[debug] [2018-05-12T13:05:52.635Z] <<< HTTP RESPONSE 200
[info] 
[info] === Serving from '/mondial-pronos'...
[info] 
[info] i  functions: Preparing to emulate functions.
[debug] [2018-05-12T13:05:53.206Z] Fetching environment
[debug] [2018-05-12T13:05:53.207Z] >>> HTTP REQUEST GET https://mobilesdk-pa.googleapis.com/v1/projects/970473692853:getServerAppConfig  
  
 Sat May 12 2018 13:05:53 GMT+0000 (UTC)
[debug] [2018-05-12T13:05:53.747Z] <<< HTTP RESPONSE 200
[debug] [2018-05-12T13:05:53.748Z] Starting @google-cloud/functions-emulator
[debug] [2018-05-12T13:05:55.390Z] Parsing function triggers
[info] ✔  functions: api: http://localhost:5000/mondial-pronos/us-central1/api
[debug] [2018-05-12T13:06:27.561Z] ----------------------------------------------------------------------
[debug] [2018-05-12T13:06:27.564Z] Command:       /usr/local/bin/node /mondial-pronos/functions/node_modules/.bin/firebase serve --host 0.0.0.0 --only functions --debug
[debug] [2018-05-12T13:06:27.565Z] CLI Version:   3.18.4
[debug] [2018-05-12T13:06:27.565Z] Platform:      linux
[debug] [2018-05-12T13:06:27.565Z] Node Version:  v8.9.4
[debug] [2018-05-12T13:06:27.565Z] Time:          Sat May 12 2018 13:06:27 GMT+0000 (UTC)
[debug] [2018-05-12T13:06:27.565Z] ----------------------------------------------------------------------
[debug] 
[debug] [2018-05-12T13:06:27.574Z] > command requires scopes: ["email","openid","https://www.googleapis.com/auth/cloudplatformprojects.readonly","https://www.googleapis.com/auth/firebase","https://www.googleapis.com/auth/cloud-platform"]
[debug] [2018-05-12T13:06:27.575Z] > authorizing via signed-in user
[debug] [2018-05-12T13:06:27.576Z] >>> HTTP REQUEST GET https://admin.firebase.com/v1/projects/mondial-pronos  
  
 Sat May 12 2018 13:06:27 GMT+0000 (UTC)
[debug] [2018-05-12T13:06:28.317Z] <<< HTTP RESPONSE 200
[debug] [2018-05-12T13:06:28.320Z] >>> HTTP REQUEST GET https://admin.firebase.com/v1/database/mondial-pronos/tokens  
  
 Sat May 12 2018 13:06:28 GMT+0000 (UTC)
[debug] [2018-05-12T13:06:28.976Z] <<< HTTP RESPONSE 200
[debug] [2018-05-12T13:06:28.979Z] >>> HTTP REQUEST GET https://cloudresourcemanager.googleapis.com/v1/projects/mondial-pronos  
  
 Sat May 12 2018 13:06:28 GMT+0000 (UTC)
[debug] [2018-05-12T13:06:29.793Z] <<< HTTP RESPONSE 200
[info] 
[info] === Serving from '/mondial-pronos'...
[info] 
[info] i  functions: Preparing to emulate functions.
[debug] [2018-05-12T13:06:30.423Z] Fetching environment
[debug] [2018-05-12T13:06:30.424Z] >>> HTTP REQUEST GET https://mobilesdk-pa.googleapis.com/v1/projects/970473692853:getServerAppConfig  
  
 Sat May 12 2018 13:06:30 GMT+0000 (UTC)
[debug] [2018-05-12T13:06:30.925Z] <<< HTTP RESPONSE 200
[debug] [2018-05-12T13:06:30.926Z] Starting @google-cloud/functions-emulator
[debug] [2018-05-12T13:06:32.595Z] Parsing function triggers
[info] ✔  functions: api: http://localhost:5000/mondial-pronos/us-central1/api
[debug] [2018-05-12T13:06:55.237Z] ----------------------------------------------------------------------
[debug] [2018-05-12T13:06:55.240Z] Command:       /usr/local/bin/node /mondial-pronos/functions/node_modules/.bin/firebase serve --host 0.0.0.0 --only functions --debug
[debug] [2018-05-12T13:06:55.241Z] CLI Version:   3.18.4
[debug] [2018-05-12T13:06:55.241Z] Platform:      linux
[debug] [2018-05-12T13:06:55.241Z] Node Version:  v8.9.4
[debug] [2018-05-12T13:06:55.241Z] Time:          Sat May 12 2018 13:06:55 GMT+0000 (UTC)
[debug] [2018-05-12T13:06:55.241Z] ----------------------------------------------------------------------
[debug] 
[debug] [2018-05-12T13:06:55.250Z] > command requires scopes: ["email","openid","https://www.googleapis.com/auth/cloudplatformprojects.readonly","https://www.googleapis.com/auth/firebase","https://www.googleapis.com/auth/cloud-platform"]
[debug] [2018-05-12T13:06:55.250Z] > authorizing via signed-in user
[debug] [2018-05-12T13:06:55.252Z] >>> HTTP REQUEST GET https://admin.firebase.com/v1/projects/mondial-pronos  
  
 Sat May 12 2018 13:06:55 GMT+0000 (UTC)
[debug] [2018-05-12T13:06:56.105Z] <<< HTTP RESPONSE 200
[debug] [2018-05-12T13:06:56.108Z] >>> HTTP REQUEST GET https://admin.firebase.com/v1/database/mondial-pronos/tokens  
  
 Sat May 12 2018 13:06:56 GMT+0000 (UTC)
[debug] [2018-05-12T13:06:57.037Z] <<< HTTP RESPONSE 200
[debug] [2018-05-12T13:06:57.041Z] >>> HTTP REQUEST GET https://cloudresourcemanager.googleapis.com/v1/projects/mondial-pronos  
  
 Sat May 12 2018 13:06:57 GMT+0000 (UTC)
[debug] [2018-05-12T13:06:57.857Z] <<< HTTP RESPONSE 200
[info] 
[info] === Serving from '/mondial-pronos'...
[info] 
[info] i  functions: Preparing to emulate functions.
[debug] [2018-05-12T13:06:58.440Z] Fetching environment
[debug] [2018-05-12T13:06:58.441Z] >>> HTTP REQUEST GET https://mobilesdk-pa.googleapis.com/v1/projects/970473692853:getServerAppConfig  
  
 Sat May 12 2018 13:06:58 GMT+0000 (UTC)
[debug] [2018-05-12T13:06:58.976Z] <<< HTTP RESPONSE 200
[debug] [2018-05-12T13:06:58.977Z] Starting @google-cloud/functions-emulator
[debug] [2018-05-12T13:07:00.612Z] Parsing function triggers
[info] ✔  functions: api: http://localhost:5000/mondial-pronos/us-central1/api
[debug] [2018-05-12T13:07:24.259Z] ----------------------------------------------------------------------
[debug] [2018-05-12T13:07:24.263Z] Command:       /usr/local/bin/node /mondial-pronos/functions/node_modules/.bin/firebase serve --host 0.0.0.0 --only functions --debug
[debug] [2018-05-12T13:07:24.263Z] CLI Version:   3.18.4
[debug] [2018-05-12T13:07:24.263Z] Platform:      linux
[debug] [2018-05-12T13:07:24.263Z] Node Version:  v8.9.4
[debug] [2018-05-12T13:07:24.263Z] Time:          Sat May 12 2018 13:07:24 GMT+0000 (UTC)
[debug] [2018-05-12T13:07:24.264Z] ----------------------------------------------------------------------
[debug] 
[debug] [2018-05-12T13:07:24.273Z] > command requires scopes: ["email","openid","https://www.googleapis.com/auth/cloudplatformprojects.readonly","https://www.googleapis.com/auth/firebase","https://www.googleapis.com/auth/cloud-platform"]
[debug] [2018-05-12T13:07:24.273Z] > authorizing via signed-in user
[debug] [2018-05-12T13:07:24.275Z] >>> HTTP REQUEST GET https://admin.firebase.com/v1/projects/mondial-pronos  
  
 Sat May 12 2018 13:07:24 GMT+0000 (UTC)
[debug] [2018-05-12T13:07:25.052Z] <<< HTTP RESPONSE 200
[debug] [2018-05-12T13:07:25.053Z] >>> HTTP REQUEST GET https://admin.firebase.com/v1/database/mondial-pronos/tokens  
  
 Sat May 12 2018 13:07:25 GMT+0000 (UTC)
[debug] [2018-05-12T13:07:26.011Z] <<< HTTP RESPONSE 200
[debug] [2018-05-12T13:07:26.013Z] >>> HTTP REQUEST GET https://cloudresourcemanager.googleapis.com/v1/projects/mondial-pronos  
  
 Sat May 12 2018 13:07:26 GMT+0000 (UTC)
[debug] [2018-05-12T13:07:26.704Z] <<< HTTP RESPONSE 200
[info] 
[info] === Serving from '/mondial-pronos'...
[info] 
[info] i  functions: Preparing to emulate functions.
[debug] [2018-05-12T13:07:27.270Z] Fetching environment
[debug] [2018-05-12T13:07:27.271Z] >>> HTTP REQUEST GET https://mobilesdk-pa.googleapis.com/v1/projects/970473692853:getServerAppConfig  
  
 Sat May 12 2018 13:07:27 GMT+0000 (UTC)
[debug] [2018-05-12T13:07:27.759Z] <<< HTTP RESPONSE 200
[debug] [2018-05-12T13:07:27.760Z] Starting @google-cloud/functions-emulator
[debug] [2018-05-12T13:07:29.392Z] Parsing function triggers
[info] ✔  functions: api: http://localhost:5000/mondial-pronos/us-central1/api
[debug] [2018-05-12T13:08:11.524Z] ----------------------------------------------------------------------
[debug] [2018-05-12T13:08:11.527Z] Command:       /usr/local/bin/node /mondial-pronos/functions/node_modules/.bin/firebase serve --host 0.0.0.0 --only functions --debug
[debug] [2018-05-12T13:08:11.527Z] CLI Version:   3.18.4
[debug] [2018-05-12T13:08:11.527Z] Platform:      linux
[debug] [2018-05-12T13:08:11.528Z] Node Version:  v8.9.4
[debug] [2018-05-12T13:08:11.528Z] Time:          Sat May 12 2018 13:08:11 GMT+0000 (UTC)
[debug] [2018-05-12T13:08:11.528Z] ----------------------------------------------------------------------
[debug] 
[debug] [2018-05-12T13:08:11.537Z] > command requires scopes: ["email","openid","https://www.googleapis.com/auth/cloudplatformprojects.readonly","https://www.googleapis.com/auth/firebase","https://www.googleapis.com/auth/cloud-platform"]
[debug] [2018-05-12T13:08:11.537Z] > authorizing via signed-in user
[debug] [2018-05-12T13:08:11.539Z] >>> HTTP REQUEST GET https://admin.firebase.com/v1/projects/mondial-pronos  
  
 Sat May 12 2018 13:08:11 GMT+0000 (UTC)
[debug] [2018-05-12T13:08:12.250Z] <<< HTTP RESPONSE 200
[debug] [2018-05-12T13:08:12.253Z] >>> HTTP REQUEST GET https://admin.firebase.com/v1/database/mondial-pronos/tokens  
  
 Sat May 12 2018 13:08:12 GMT+0000 (UTC)
[debug] [2018-05-12T13:08:12.916Z] <<< HTTP RESPONSE 200
[debug] [2018-05-12T13:08:12.918Z] >>> HTTP REQUEST GET https://cloudresourcemanager.googleapis.com/v1/projects/mondial-pronos  
  
 Sat May 12 2018 13:08:12 GMT+0000 (UTC)
[debug] [2018-05-12T13:08:13.627Z] <<< HTTP RESPONSE 200
[info] 
[info] === Serving from '/mondial-pronos'...
[info] 
[info] i  functions: Preparing to emulate functions.
[debug] [2018-05-12T13:08:14.244Z] Fetching environment
[debug] [2018-05-12T13:08:14.245Z] >>> HTTP REQUEST GET https://mobilesdk-pa.googleapis.com/v1/projects/970473692853:getServerAppConfig  
  
 Sat May 12 2018 13:08:14 GMT+0000 (UTC)
[debug] [2018-05-12T13:08:14.656Z] <<< HTTP RESPONSE 200
[debug] [2018-05-12T13:08:14.657Z] Starting @google-cloud/functions-emulator
[debug] [2018-05-12T13:08:16.332Z] Parsing function triggers
[info] ✔  functions: api: http://localhost:5000/mondial-pronos/us-central1/api
[debug] [2018-05-12T13:11:10.626Z] ----------------------------------------------------------------------
[debug] [2018-05-12T13:11:10.629Z] Command:       /usr/local/bin/node /mondial-pronos/functions/node_modules/.bin/firebase serve --host 0.0.0.0 --only functions --debug
[debug] [2018-05-12T13:11:10.630Z] CLI Version:   3.18.4
[debug] [2018-05-12T13:11:10.630Z] Platform:      linux
[debug] [2018-05-12T13:11:10.630Z] Node Version:  v8.9.4
[debug] [2018-05-12T13:11:10.630Z] Time:          Sat May 12 2018 13:11:10 GMT+0000 (UTC)
[debug] [2018-05-12T13:11:10.630Z] ----------------------------------------------------------------------
[debug] 
[debug] [2018-05-12T13:11:10.638Z] > command requires scopes: ["email","openid","https://www.googleapis.com/auth/cloudplatformprojects.readonly","https://www.googleapis.com/auth/firebase","https://www.googleapis.com/auth/cloud-platform"]
[debug] [2018-05-12T13:11:10.639Z] > authorizing via signed-in user
[debug] [2018-05-12T13:11:10.641Z] >>> HTTP REQUEST GET https://admin.firebase.com/v1/projects/mondial-pronos  
  
 Sat May 12 2018 13:11:10 GMT+0000 (UTC)
[debug] [2018-05-12T13:11:11.655Z] <<< HTTP RESPONSE 200
[debug] [2018-05-12T13:11:11.658Z] >>> HTTP REQUEST GET https://admin.firebase.com/v1/database/mondial-pronos/tokens  
  
 Sat May 12 2018 13:11:11 GMT+0000 (UTC)
[debug] [2018-05-12T13:11:12.286Z] <<< HTTP RESPONSE 200
[debug] [2018-05-12T13:11:12.290Z] >>> HTTP REQUEST GET https://cloudresourcemanager.googleapis.com/v1/projects/mondial-pronos  
  
 Sat May 12 2018 13:11:12 GMT+0000 (UTC)
[debug] [2018-05-12T13:11:13.037Z] <<< HTTP RESPONSE 200
[info] 
[info] === Serving from '/mondial-pronos'...
[info] 
[info] i  functions: Preparing to emulate functions.
[debug] [2018-05-12T13:11:13.652Z] Fetching environment
[debug] [2018-05-12T13:11:13.653Z] >>> HTTP REQUEST GET https://mobilesdk-pa.googleapis.com/v1/projects/970473692853:getServerAppConfig  
  
 Sat May 12 2018 13:11:13 GMT+0000 (UTC)
[debug] [2018-05-12T13:11:14.166Z] <<< HTTP RESPONSE 200
[debug] [2018-05-12T13:11:14.168Z] Starting @google-cloud/functions-emulator
[debug] [2018-05-12T13:11:15.813Z] Parsing function triggers
[info] ✔  functions: api: http://localhost:5000/mondial-pronos/us-central1/api
[debug] [2018-05-12T13:12:45.911Z] ----------------------------------------------------------------------
[debug] [2018-05-12T13:12:45.914Z] Command:       /usr/local/bin/node /mondial-pronos/functions/node_modules/.bin/firebase serve --host 0.0.0.0 --only functions --debug
[debug] [2018-05-12T13:12:45.914Z] CLI Version:   3.18.4
[debug] [2018-05-12T13:12:45.915Z] Platform:      linux
[debug] [2018-05-12T13:12:45.915Z] Node Version:  v8.9.4
[debug] [2018-05-12T13:12:45.915Z] Time:          Sat May 12 2018 13:12:45 GMT+0000 (UTC)
[debug] [2018-05-12T13:12:45.915Z] ----------------------------------------------------------------------
[debug] 
[debug] [2018-05-12T13:12:45.924Z] > command requires scopes: ["email","openid","https://www.googleapis.com/auth/cloudplatformprojects.readonly","https://www.googleapis.com/auth/firebase","https://www.googleapis.com/auth/cloud-platform"]
[debug] [2018-05-12T13:12:45.925Z] > authorizing via signed-in user
[debug] [2018-05-12T13:12:45.926Z] >>> HTTP REQUEST GET https://admin.firebase.com/v1/projects/mondial-pronos  
  
 Sat May 12 2018 13:12:45 GMT+0000 (UTC)
[debug] [2018-05-12T13:12:46.788Z] <<< HTTP RESPONSE 200
[debug] [2018-05-12T13:12:46.791Z] >>> HTTP REQUEST GET https://admin.firebase.com/v1/database/mondial-pronos/tokens  
  
 Sat May 12 2018 13:12:46 GMT+0000 (UTC)
[debug] [2018-05-12T13:12:47.553Z] <<< HTTP RESPONSE 200
[debug] [2018-05-12T13:12:47.556Z] >>> HTTP REQUEST GET https://cloudresourcemanager.googleapis.com/v1/projects/mondial-pronos  
  
 Sat May 12 2018 13:12:47 GMT+0000 (UTC)
[debug] [2018-05-12T13:12:48.271Z] <<< HTTP RESPONSE 200
[info] 
[info] === Serving from '/mondial-pronos'...
[info] 
[info] i  functions: Preparing to emulate functions.
[debug] [2018-05-12T13:12:48.865Z] Fetching environment
[debug] [2018-05-12T13:12:48.866Z] >>> HTTP REQUEST GET https://mobilesdk-pa.googleapis.com/v1/projects/970473692853:getServerAppConfig  
  
 Sat May 12 2018 13:12:48 GMT+0000 (UTC)
[debug] [2018-05-12T13:12:49.292Z] <<< HTTP RESPONSE 200
[debug] [2018-05-12T13:12:49.293Z] Starting @google-cloud/functions-emulator
[debug] [2018-05-12T13:12:50.952Z] Parsing function triggers
[info] ✔  functions: api: http://localhost:5000/mondial-pronos/us-central1/api
[debug] [2018-05-12T13:14:07.337Z] ----------------------------------------------------------------------
[debug] [2018-05-12T13:14:07.340Z] Command:       /usr/local/bin/node /mondial-pronos/functions/node_modules/.bin/firebase serve --host 0.0.0.0 --only functions --debug
[debug] [2018-05-12T13:14:07.340Z] CLI Version:   3.18.4
[debug] [2018-05-12T13:14:07.340Z] Platform:      linux
[debug] [2018-05-12T13:14:07.340Z] Node Version:  v8.9.4
[debug] [2018-05-12T13:14:07.341Z] Time:          Sat May 12 2018 13:14:07 GMT+0000 (UTC)
[debug] [2018-05-12T13:14:07.341Z] ----------------------------------------------------------------------
[debug] 
[debug] [2018-05-12T13:14:07.349Z] > command requires scopes: ["email","openid","https://www.googleapis.com/auth/cloudplatformprojects.readonly","https://www.googleapis.com/auth/firebase","https://www.googleapis.com/auth/cloud-platform"]
[debug] [2018-05-12T13:14:07.350Z] > authorizing via signed-in user
[debug] [2018-05-12T13:14:07.352Z] >>> HTTP REQUEST GET https://admin.firebase.com/v1/projects/mondial-pronos  
  
 Sat May 12 2018 13:14:07 GMT+0000 (UTC)
[debug] [2018-05-12T13:14:08.205Z] <<< HTTP RESPONSE 200
[debug] [2018-05-12T13:14:08.206Z] >>> HTTP REQUEST GET https://admin.firebase.com/v1/database/mondial-pronos/tokens  
  
 Sat May 12 2018 13:14:08 GMT+0000 (UTC)
[debug] [2018-05-12T13:14:08.859Z] <<< HTTP RESPONSE 200
[debug] [2018-05-12T13:14:08.860Z] >>> HTTP REQUEST GET https://cloudresourcemanager.googleapis.com/v1/projects/mondial-pronos  
  
 Sat May 12 2018 13:14:08 GMT+0000 (UTC)
[debug] [2018-05-12T13:14:09.562Z] <<< HTTP RESPONSE 200
[info] 
[info] === Serving from '/mondial-pronos'...
[info] 
[info] i  functions: Preparing to emulate functions.
[debug] [2018-05-12T13:14:10.177Z] Fetching environment
[debug] [2018-05-12T13:14:10.178Z] >>> HTTP REQUEST GET https://mobilesdk-pa.googleapis.com/v1/projects/970473692853:getServerAppConfig  
  
 Sat May 12 2018 13:14:10 GMT+0000 (UTC)
[debug] [2018-05-12T13:14:10.602Z] <<< HTTP RESPONSE 200
[debug] [2018-05-12T13:14:10.605Z] Starting @google-cloud/functions-emulator
[debug] [2018-05-12T13:14:12.257Z] Parsing function triggers
[info] ✔  functions: api: http://localhost:5000/mondial-pronos/us-central1/api
[debug] [2018-05-12T13:14:56.162Z] ----------------------------------------------------------------------
[debug] [2018-05-12T13:14:56.165Z] Command:       /usr/local/bin/node /mondial-pronos/functions/node_modules/.bin/firebase serve --host 0.0.0.0 --only functions --debug
[debug] [2018-05-12T13:14:56.166Z] CLI Version:   3.18.4
[debug] [2018-05-12T13:14:56.166Z] Platform:      linux
[debug] [2018-05-12T13:14:56.166Z] Node Version:  v8.9.4
[debug] [2018-05-12T13:14:56.166Z] Time:          Sat May 12 2018 13:14:56 GMT+0000 (UTC)
[debug] [2018-05-12T13:14:56.167Z] ----------------------------------------------------------------------
[debug] 
[debug] [2018-05-12T13:14:56.176Z] > command requires scopes: ["email","openid","https://www.googleapis.com/auth/cloudplatformprojects.readonly","https://www.googleapis.com/auth/firebase","https://www.googleapis.com/auth/cloud-platform"]
[debug] [2018-05-12T13:14:56.176Z] > authorizing via signed-in user
[debug] [2018-05-12T13:14:56.178Z] >>> HTTP REQUEST GET https://admin.firebase.com/v1/projects/mondial-pronos  
  
 Sat May 12 2018 13:14:56 GMT+0000 (UTC)
[debug] [2018-05-12T13:14:57.134Z] <<< HTTP RESPONSE 200
[debug] [2018-05-12T13:14:57.136Z] >>> HTTP REQUEST GET https://admin.firebase.com/v1/database/mondial-pronos/tokens  
  
 Sat May 12 2018 13:14:57 GMT+0000 (UTC)
[debug] [2018-05-12T13:14:57.807Z] <<< HTTP RESPONSE 200
[debug] [2018-05-12T13:14:57.810Z] >>> HTTP REQUEST GET https://cloudresourcemanager.googleapis.com/v1/projects/mondial-pronos  
  
 Sat May 12 2018 13:14:57 GMT+0000 (UTC)
[debug] [2018-05-12T13:14:58.523Z] <<< HTTP RESPONSE 200
[info] 
[info] === Serving from '/mondial-pronos'...
[info] 
[info] i  functions: Preparing to emulate functions.
[debug] [2018-05-12T13:14:59.091Z] Fetching environment
[debug] [2018-05-12T13:14:59.092Z] >>> HTTP REQUEST GET https://mobilesdk-pa.googleapis.com/v1/projects/970473692853:getServerAppConfig  
  
 Sat May 12 2018 13:14:59 GMT+0000 (UTC)
[debug] [2018-05-12T13:14:59.547Z] <<< HTTP RESPONSE 200
[debug] [2018-05-12T13:14:59.548Z] Starting @google-cloud/functions-emulator
[debug] [2018-05-12T13:15:01.211Z] Parsing function triggers
[info] ✔  functions: api: http://localhost:5000/mondial-pronos/us-central1/api
[debug] [2018-05-12T13:15:43.343Z] ----------------------------------------------------------------------
[debug] [2018-05-12T13:15:43.347Z] Command:       /usr/local/bin/node /mondial-pronos/functions/node_modules/.bin/firebase serve --host 0.0.0.0 --only functions --debug
[debug] [2018-05-12T13:15:43.347Z] CLI Version:   3.18.4
[debug] [2018-05-12T13:15:43.347Z] Platform:      linux
[debug] [2018-05-12T13:15:43.347Z] Node Version:  v8.9.4
[debug] [2018-05-12T13:15:43.348Z] Time:          Sat May 12 2018 13:15:43 GMT+0000 (UTC)
[debug] [2018-05-12T13:15:43.348Z] ----------------------------------------------------------------------
[debug] 
[debug] [2018-05-12T13:15:43.357Z] > command requires scopes: ["email","openid","https://www.googleapis.com/auth/cloudplatformprojects.readonly","https://www.googleapis.com/auth/firebase","https://www.googleapis.com/auth/cloud-platform"]
[debug] [2018-05-12T13:15:43.357Z] > authorizing via signed-in user
[debug] [2018-05-12T13:15:43.359Z] >>> HTTP REQUEST GET https://admin.firebase.com/v1/projects/mondial-pronos  
  
 Sat May 12 2018 13:15:43 GMT+0000 (UTC)
[debug] [2018-05-12T13:15:44.345Z] <<< HTTP RESPONSE 200
[debug] [2018-05-12T13:15:44.348Z] >>> HTTP REQUEST GET https://admin.firebase.com/v1/database/mondial-pronos/tokens  
  
 Sat May 12 2018 13:15:44 GMT+0000 (UTC)
[debug] [2018-05-12T13:15:45.014Z] <<< HTTP RESPONSE 200
[debug] [2018-05-12T13:15:45.016Z] >>> HTTP REQUEST GET https://cloudresourcemanager.googleapis.com/v1/projects/mondial-pronos  
  
 Sat May 12 2018 13:15:45 GMT+0000 (UTC)
[debug] [2018-05-12T13:15:45.730Z] <<< HTTP RESPONSE 200
[info] 
[info] === Serving from '/mondial-pronos'...
[info] 
[info] i  functions: Preparing to emulate functions.
[debug] [2018-05-12T13:15:46.330Z] Fetching environment
[debug] [2018-05-12T13:15:46.331Z] >>> HTTP REQUEST GET https://mobilesdk-pa.googleapis.com/v1/projects/970473692853:getServerAppConfig  
  
 Sat May 12 2018 13:15:46 GMT+0000 (UTC)
[debug] [2018-05-12T13:15:46.856Z] <<< HTTP RESPONSE 200
[debug] [2018-05-12T13:15:46.856Z] Starting @google-cloud/functions-emulator
[debug] [2018-05-12T13:15:48.492Z] Parsing function triggers
[info] ✔  functions: api: http://localhost:5000/mondial-pronos/us-central1/api
[debug] [2018-05-12T13:17:02.493Z] ----------------------------------------------------------------------
[debug] [2018-05-12T13:17:02.496Z] Command:       /usr/local/bin/node /mondial-pronos/functions/node_modules/.bin/firebase serve --host 0.0.0.0 --only functions --debug
[debug] [2018-05-12T13:17:02.497Z] CLI Version:   3.18.4
[debug] [2018-05-12T13:17:02.497Z] Platform:      linux
[debug] [2018-05-12T13:17:02.497Z] Node Version:  v8.9.4
[debug] [2018-05-12T13:17:02.497Z] Time:          Sat May 12 2018 13:17:02 GMT+0000 (UTC)
[debug] [2018-05-12T13:17:02.497Z] ----------------------------------------------------------------------
[debug] 
[debug] [2018-05-12T13:17:02.506Z] > command requires scopes: ["email","openid","https://www.googleapis.com/auth/cloudplatformprojects.readonly","https://www.googleapis.com/auth/firebase","https://www.googleapis.com/auth/cloud-platform"]
[debug] [2018-05-12T13:17:02.507Z] > authorizing via signed-in user
[debug] [2018-05-12T13:17:02.509Z] >>> HTTP REQUEST GET https://admin.firebase.com/v1/projects/mondial-pronos  
  
 Sat May 12 2018 13:17:02 GMT+0000 (UTC)
[debug] [2018-05-12T13:17:03.378Z] <<< HTTP RESPONSE 200
[debug] [2018-05-12T13:17:03.379Z] >>> HTTP REQUEST GET https://admin.firebase.com/v1/database/mondial-pronos/tokens  
  
 Sat May 12 2018 13:17:03 GMT+0000 (UTC)
[debug] [2018-05-12T13:17:04.170Z] <<< HTTP RESPONSE 200
[debug] [2018-05-12T13:17:04.171Z] >>> HTTP REQUEST GET https://cloudresourcemanager.googleapis.com/v1/projects/mondial-pronos  
  
 Sat May 12 2018 13:17:04 GMT+0000 (UTC)
[debug] [2018-05-12T13:17:04.886Z] <<< HTTP RESPONSE 200
[info] 
[info] === Serving from '/mondial-pronos'...
[info] 
[info] i  functions: Preparing to emulate functions.
[debug] [2018-05-12T13:17:05.488Z] Fetching environment
[debug] [2018-05-12T13:17:05.489Z] >>> HTTP REQUEST GET https://mobilesdk-pa.googleapis.com/v1/projects/970473692853:getServerAppConfig  
  
 Sat May 12 2018 13:17:05 GMT+0000 (UTC)
[debug] [2018-05-12T13:17:06.654Z] <<< HTTP RESPONSE 200
[debug] [2018-05-12T13:17:06.655Z] Starting @google-cloud/functions-emulator
[debug] [2018-05-12T13:17:08.375Z] Parsing function triggers
[info] ✔  functions: api: http://localhost:5000/mondial-pronos/us-central1/api
[debug] [2018-05-12T13:18:47.194Z] ----------------------------------------------------------------------
[debug] [2018-05-12T13:18:47.197Z] Command:       /usr/local/bin/node /mondial-pronos/functions/node_modules/.bin/firebase serve --host 0.0.0.0 --only functions --debug
[debug] [2018-05-12T13:18:47.198Z] CLI Version:   3.18.4
[debug] [2018-05-12T13:18:47.198Z] Platform:      linux
[debug] [2018-05-12T13:18:47.198Z] Node Version:  v8.9.4
[debug] [2018-05-12T13:18:47.198Z] Time:          Sat May 12 2018 13:18:47 GMT+0000 (UTC)
[debug] [2018-05-12T13:18:47.198Z] ----------------------------------------------------------------------
[debug] 
[debug] [2018-05-12T13:18:47.207Z] > command requires scopes: ["email","openid","https://www.googleapis.com/auth/cloudplatformprojects.readonly","https://www.googleapis.com/auth/firebase","https://www.googleapis.com/auth/cloud-platform"]
[debug] [2018-05-12T13:18:47.207Z] > authorizing via signed-in user
[debug] [2018-05-12T13:18:47.209Z] >>> HTTP REQUEST GET https://admin.firebase.com/v1/projects/mondial-pronos  
  
 Sat May 12 2018 13:18:47 GMT+0000 (UTC)
[debug] [2018-05-12T13:18:48.115Z] <<< HTTP RESPONSE 200
[debug] [2018-05-12T13:18:48.117Z] >>> HTTP REQUEST GET https://admin.firebase.com/v1/database/mondial-pronos/tokens  
  
 Sat May 12 2018 13:18:48 GMT+0000 (UTC)
[debug] [2018-05-12T13:18:49.028Z] <<< HTTP RESPONSE 200
[debug] [2018-05-12T13:18:49.030Z] >>> HTTP REQUEST GET https://cloudresourcemanager.googleapis.com/v1/projects/mondial-pronos  
  
 Sat May 12 2018 13:18:49 GMT+0000 (UTC)
[debug] [2018-05-12T13:18:49.745Z] <<< HTTP RESPONSE 200
[info] 
[info] === Serving from '/mondial-pronos'...
[info] 
[info] i  functions: Preparing to emulate functions.
[debug] [2018-05-12T13:18:50.358Z] Fetching environment
[debug] [2018-05-12T13:18:50.359Z] >>> HTTP REQUEST GET https://mobilesdk-pa.googleapis.com/v1/projects/970473692853:getServerAppConfig  
  
 Sat May 12 2018 13:18:50 GMT+0000 (UTC)
[debug] [2018-05-12T13:18:50.973Z] <<< HTTP RESPONSE 200
[debug] [2018-05-12T13:18:50.974Z] Starting @google-cloud/functions-emulator
[debug] [2018-05-12T13:18:52.620Z] Parsing function triggers
[info] ✔  functions: api: http://localhost:5000/mondial-pronos/us-central1/api
[debug] [2018-05-12T13:19:19.654Z] ----------------------------------------------------------------------
[debug] [2018-05-12T13:19:19.657Z] Command:       /usr/local/bin/node /mondial-pronos/functions/node_modules/.bin/firebase serve --host 0.0.0.0 --only functions --debug
[debug] [2018-05-12T13:19:19.657Z] CLI Version:   3.18.4
[debug] [2018-05-12T13:19:19.658Z] Platform:      linux
[debug] [2018-05-12T13:19:19.658Z] Node Version:  v8.9.4
[debug] [2018-05-12T13:19:19.658Z] Time:          Sat May 12 2018 13:19:19 GMT+0000 (UTC)
[debug] [2018-05-12T13:19:19.658Z] ----------------------------------------------------------------------
[debug] 
[debug] [2018-05-12T13:19:19.667Z] > command requires scopes: ["email","openid","https://www.googleapis.com/auth/cloudplatformprojects.readonly","https://www.googleapis.com/auth/firebase","https://www.googleapis.com/auth/cloud-platform"]
[debug] [2018-05-12T13:19:19.668Z] > authorizing via signed-in user
[debug] [2018-05-12T13:19:19.670Z] >>> HTTP REQUEST GET https://admin.firebase.com/v1/projects/mondial-pronos  
  
 Sat May 12 2018 13:19:19 GMT+0000 (UTC)
[debug] [2018-05-12T13:19:20.572Z] <<< HTTP RESPONSE 200
[debug] [2018-05-12T13:19:20.574Z] >>> HTTP REQUEST GET https://admin.firebase.com/v1/database/mondial-pronos/tokens  
  
 Sat May 12 2018 13:19:20 GMT+0000 (UTC)
[debug] [2018-05-12T13:19:21.490Z] <<< HTTP RESPONSE 200
[debug] [2018-05-12T13:19:21.492Z] >>> HTTP REQUEST GET https://cloudresourcemanager.googleapis.com/v1/projects/mondial-pronos  
  
 Sat May 12 2018 13:19:21 GMT+0000 (UTC)
[debug] [2018-05-12T13:19:22.186Z] <<< HTTP RESPONSE 200
[info] 
[info] === Serving from '/mondial-pronos'...
[info] 
[info] i  functions: Preparing to emulate functions.
[debug] [2018-05-12T13:19:22.752Z] Fetching environment
[debug] [2018-05-12T13:19:22.753Z] >>> HTTP REQUEST GET https://mobilesdk-pa.googleapis.com/v1/projects/970473692853:getServerAppConfig  
  
 Sat May 12 2018 13:19:22 GMT+0000 (UTC)
[debug] [2018-05-12T13:19:23.130Z] <<< HTTP RESPONSE 200
[debug] [2018-05-12T13:19:23.131Z] Starting @google-cloud/functions-emulator
[debug] [2018-05-12T13:19:24.865Z] Parsing function triggers
[info] ✔  functions: api: http://localhost:5000/mondial-pronos/us-central1/api
[debug] [2018-05-12T13:21:46.096Z] ----------------------------------------------------------------------
[debug] [2018-05-12T13:21:46.099Z] Command:       /usr/local/bin/node /mondial-pronos/functions/node_modules/.bin/firebase serve --host 0.0.0.0 --only functions --debug
[debug] [2018-05-12T13:21:46.099Z] CLI Version:   3.18.4
[debug] [2018-05-12T13:21:46.099Z] Platform:      linux
[debug] [2018-05-12T13:21:46.100Z] Node Version:  v8.9.4
[debug] [2018-05-12T13:21:46.100Z] Time:          Sat May 12 2018 13:21:46 GMT+0000 (UTC)
[debug] [2018-05-12T13:21:46.100Z] ----------------------------------------------------------------------
[debug] 
[debug] [2018-05-12T13:21:46.112Z] > command requires scopes: ["email","openid","https://www.googleapis.com/auth/cloudplatformprojects.readonly","https://www.googleapis.com/auth/firebase","https://www.googleapis.com/auth/cloud-platform"]
[debug] [2018-05-12T13:21:46.112Z] > authorizing via signed-in user
[debug] [2018-05-12T13:21:46.115Z] >>> HTTP REQUEST GET https://admin.firebase.com/v1/projects/mondial-pronos  
  
 Sat May 12 2018 13:21:46 GMT+0000 (UTC)
[debug] [2018-05-12T13:21:46.953Z] <<< HTTP RESPONSE 200
[debug] [2018-05-12T13:21:46.955Z] >>> HTTP REQUEST GET https://admin.firebase.com/v1/database/mondial-pronos/tokens  
  
 Sat May 12 2018 13:21:46 GMT+0000 (UTC)
[debug] [2018-05-12T13:21:47.675Z] <<< HTTP RESPONSE 200
[debug] [2018-05-12T13:21:47.677Z] >>> HTTP REQUEST GET https://cloudresourcemanager.googleapis.com/v1/projects/mondial-pronos  
  
 Sat May 12 2018 13:21:47 GMT+0000 (UTC)
[debug] [2018-05-12T13:21:48.437Z] <<< HTTP RESPONSE 200
[info] 
[info] === Serving from '/mondial-pronos'...
[info] 
[info] i  functions: Preparing to emulate functions.
[debug] [2018-05-12T13:21:49.021Z] Fetching environment
[debug] [2018-05-12T13:21:49.022Z] >>> HTTP REQUEST GET https://mobilesdk-pa.googleapis.com/v1/projects/970473692853:getServerAppConfig  
  
 Sat May 12 2018 13:21:49 GMT+0000 (UTC)
[debug] [2018-05-12T13:21:49.563Z] <<< HTTP RESPONSE 200
[debug] [2018-05-12T13:21:49.564Z] Starting @google-cloud/functions-emulator
[debug] [2018-05-12T13:21:51.219Z] Parsing function triggers
[info] ✔  functions: api: http://localhost:5000/mondial-pronos/us-central1/api
[debug] [2018-05-12T14:14:47.625Z] ----------------------------------------------------------------------
[debug] [2018-05-12T14:14:47.628Z] Command:       /usr/local/bin/node /mondial-pronos/functions/node_modules/.bin/firebase serve --host 0.0.0.0 --only functions --debug
[debug] [2018-05-12T14:14:47.629Z] CLI Version:   3.18.4
[debug] [2018-05-12T14:14:47.629Z] Platform:      linux
[debug] [2018-05-12T14:14:47.629Z] Node Version:  v8.9.4
[debug] [2018-05-12T14:14:47.629Z] Time:          Sat May 12 2018 14:14:47 GMT+0000 (UTC)
[debug] [2018-05-12T14:14:47.629Z] ----------------------------------------------------------------------
[debug] 
[debug] [2018-05-12T14:14:47.639Z] > command requires scopes: ["email","openid","https://www.googleapis.com/auth/cloudplatformprojects.readonly","https://www.googleapis.com/auth/firebase","https://www.googleapis.com/auth/cloud-platform"]
[debug] [2018-05-12T14:14:47.639Z] > authorizing via signed-in user
[debug] [2018-05-12T14:14:47.641Z] > refreshing access token with scopes: ["email","https://www.googleapis.com/auth/cloud-platform","https://www.googleapis.com/auth/cloudplatformprojects.readonly","https://www.googleapis.com/auth/firebase","openid"]
[debug] [2018-05-12T14:14:47.641Z] >>> HTTP REQUEST POST https://www.googleapis.com/oauth2/v3/token  
 { refresh_token: '1/7rxY39YeKhsi8hCGUwg5ZXuL1-pZLdzQNijRpeV8xPo',
  client_id: '563584335869-fgrhgmd47bqnekij5i8b5pr03ho849e6.apps.googleusercontent.com',
  client_secret: 'j9iVZfS8kkCEFUPaAeJV0sAi',
  grant_type: 'refresh_token',
  scope: 'email https://www.googleapis.com/auth/cloud-platform https://www.googleapis.com/auth/cloudplatformprojects.readonly https://www.googleapis.com/auth/firebase openid' } 
 Sat May 12 2018 14:14:47 GMT+0000 (UTC)
[debug] [2018-05-12T14:14:47.812Z] <<< HTTP RESPONSE 200
[debug] [2018-05-12T14:14:47.855Z] >>> HTTP REQUEST GET https://admin.firebase.com/v1/projects/mondial-pronos  
  
 Sat May 12 2018 14:14:47 GMT+0000 (UTC)
[debug] [2018-05-12T14:14:48.752Z] <<< HTTP RESPONSE 200
[debug] [2018-05-12T14:14:48.754Z] >>> HTTP REQUEST GET https://admin.firebase.com/v1/database/mondial-pronos/tokens  
  
 Sat May 12 2018 14:14:48 GMT+0000 (UTC)
[debug] [2018-05-12T14:14:49.507Z] <<< HTTP RESPONSE 200
[debug] [2018-05-12T14:14:49.509Z] >>> HTTP REQUEST GET https://cloudresourcemanager.googleapis.com/v1/projects/mondial-pronos  
  
 Sat May 12 2018 14:14:49 GMT+0000 (UTC)
[debug] [2018-05-12T14:14:50.224Z] <<< HTTP RESPONSE 200
[info] 
[info] === Serving from '/mondial-pronos'...
[info] 
[info] i  functions: Preparing to emulate functions.
[debug] [2018-05-12T14:14:50.844Z] Fetching environment
[debug] [2018-05-12T14:14:50.845Z] >>> HTTP REQUEST GET https://mobilesdk-pa.googleapis.com/v1/projects/970473692853:getServerAppConfig  
  
 Sat May 12 2018 14:14:50 GMT+0000 (UTC)
[debug] [2018-05-12T14:14:51.378Z] <<< HTTP RESPONSE 200
[debug] [2018-05-12T14:14:51.379Z] Starting @google-cloud/functions-emulator
[debug] [2018-05-12T14:14:53.023Z] Parsing function triggers
[info] ✔  functions: api: http://localhost:5000/mondial-pronos/us-central1/api
[debug] [2018-05-12T14:15:22.410Z] ----------------------------------------------------------------------
[debug] [2018-05-12T14:15:22.413Z] Command:       /usr/local/bin/node /mondial-pronos/functions/node_modules/.bin/firebase serve --host 0.0.0.0 --only functions --debug
[debug] [2018-05-12T14:15:22.413Z] CLI Version:   3.18.4
[debug] [2018-05-12T14:15:22.413Z] Platform:      linux
[debug] [2018-05-12T14:15:22.414Z] Node Version:  v8.9.4
[debug] [2018-05-12T14:15:22.414Z] Time:          Sat May 12 2018 14:15:22 GMT+0000 (UTC)
[debug] [2018-05-12T14:15:22.414Z] ----------------------------------------------------------------------
[debug] 
[debug] [2018-05-12T14:15:22.422Z] > command requires scopes: ["email","openid","https://www.googleapis.com/auth/cloudplatformprojects.readonly","https://www.googleapis.com/auth/firebase","https://www.googleapis.com/auth/cloud-platform"]
[debug] [2018-05-12T14:15:22.423Z] > authorizing via signed-in user
[debug] [2018-05-12T14:15:22.424Z] >>> HTTP REQUEST GET https://admin.firebase.com/v1/projects/mondial-pronos  
  
 Sat May 12 2018 14:15:22 GMT+0000 (UTC)
[debug] [2018-05-12T14:15:23.299Z] <<< HTTP RESPONSE 200
[debug] [2018-05-12T14:15:23.303Z] >>> HTTP REQUEST GET https://admin.firebase.com/v1/database/mondial-pronos/tokens  
  
 Sat May 12 2018 14:15:23 GMT+0000 (UTC)
[debug] [2018-05-12T14:15:24.111Z] <<< HTTP RESPONSE 200
[debug] [2018-05-12T14:15:24.113Z] >>> HTTP REQUEST GET https://cloudresourcemanager.googleapis.com/v1/projects/mondial-pronos  
  
 Sat May 12 2018 14:15:24 GMT+0000 (UTC)
[debug] [2018-05-12T14:15:24.861Z] <<< HTTP RESPONSE 200
[info] 
[info] === Serving from '/mondial-pronos'...
[info] 
[info] i  functions: Preparing to emulate functions.
[debug] [2018-05-12T14:15:25.438Z] Fetching environment
[debug] [2018-05-12T14:15:25.439Z] >>> HTTP REQUEST GET https://mobilesdk-pa.googleapis.com/v1/projects/970473692853:getServerAppConfig  
  
 Sat May 12 2018 14:15:25 GMT+0000 (UTC)
[debug] [2018-05-12T14:15:25.987Z] <<< HTTP RESPONSE 200
[debug] [2018-05-12T14:15:25.988Z] Starting @google-cloud/functions-emulator
[debug] [2018-05-12T14:15:27.677Z] Parsing function triggers
[info] ✔  functions: api: http://localhost:5000/mondial-pronos/us-central1/api
[debug] [2018-05-12T14:16:35.030Z] ----------------------------------------------------------------------
[debug] [2018-05-12T14:16:35.034Z] Command:       /usr/local/bin/node /mondial-pronos/functions/node_modules/.bin/firebase serve --host 0.0.0.0 --only functions --debug
[debug] [2018-05-12T14:16:35.034Z] CLI Version:   3.18.4
[debug] [2018-05-12T14:16:35.035Z] Platform:      linux
[debug] [2018-05-12T14:16:35.035Z] Node Version:  v8.9.4
[debug] [2018-05-12T14:16:35.035Z] Time:          Sat May 12 2018 14:16:35 GMT+0000 (UTC)
[debug] [2018-05-12T14:16:35.035Z] ----------------------------------------------------------------------
[debug] 
[debug] [2018-05-12T14:16:35.043Z] > command requires scopes: ["email","openid","https://www.googleapis.com/auth/cloudplatformprojects.readonly","https://www.googleapis.com/auth/firebase","https://www.googleapis.com/auth/cloud-platform"]
[debug] [2018-05-12T14:16:35.043Z] > authorizing via signed-in user
[debug] [2018-05-12T14:16:35.045Z] >>> HTTP REQUEST GET https://admin.firebase.com/v1/projects/mondial-pronos  
  
 Sat May 12 2018 14:16:35 GMT+0000 (UTC)
[debug] [2018-05-12T14:16:35.966Z] <<< HTTP RESPONSE 200
[debug] [2018-05-12T14:16:35.967Z] >>> HTTP REQUEST GET https://admin.firebase.com/v1/database/mondial-pronos/tokens  
  
 Sat May 12 2018 14:16:35 GMT+0000 (UTC)
[debug] [2018-05-12T14:16:36.596Z] <<< HTTP RESPONSE 200
[debug] [2018-05-12T14:16:36.599Z] >>> HTTP REQUEST GET https://cloudresourcemanager.googleapis.com/v1/projects/mondial-pronos  
  
 Sat May 12 2018 14:16:36 GMT+0000 (UTC)
[debug] [2018-05-12T14:16:37.392Z] <<< HTTP RESPONSE 200
[info] 
[info] === Serving from '/mondial-pronos'...
[info] 
[info] i  functions: Preparing to emulate functions.
[debug] [2018-05-12T14:16:37.978Z] Fetching environment
[debug] [2018-05-12T14:16:37.978Z] >>> HTTP REQUEST GET https://mobilesdk-pa.googleapis.com/v1/projects/970473692853:getServerAppConfig  
  
 Sat May 12 2018 14:16:37 GMT+0000 (UTC)
[debug] [2018-05-12T14:16:38.488Z] <<< HTTP RESPONSE 200
[debug] [2018-05-12T14:16:38.489Z] Starting @google-cloud/functions-emulator
[debug] [2018-05-12T14:16:40.158Z] Parsing function triggers
[info] ✔  functions: api: http://localhost:5000/mondial-pronos/us-central1/api
